C:\LIB\DELPHI_LIB\mORMot_BerlinUpd1\SQLite3\Samples\26 - RESTful ORM\RESTserver.exe 0.0.0.0 (2017-05-28 09:33:16)Host=JONIT440P User=xchinjo CPU=4*9-6-15363:FFFBEBBFFFFBFA7FAB27000000 OS=15.0=6.2.9200 Wow64=0 Freq=2825501Environment variables=ALLUSERSPROFILE=C:\ProgramData	APPDATA=C:\Users\xchinjo\AppData\Roaming	BDS=c:\program files (x86)\embarcadero\studio\19.0	BDSAppDataBaseDir=BDS	BDSBIN=c:\program files (x86)\embarcadero\studio\19.0\bin	BDSCatalogRepository=C:\Users\xchinjo\Documents\Embarcadero\Studio\19.0\CatalogRepository	BDSCatalogRepositoryAllUsers=C:\Users\Public\Documents\Embarcadero\Studio\19.0\CatalogRepository	BDSCOMMONDIR=C:\Users\Public\Documents\Embarcadero\Studio\19.0	BDSINCLUDE=c:\program files (x86)\embarcadero\studio\19.0\include	BDSLIB=c:\program files (x86)\embarcadero\studio\19.0\lib	BDSPLATFORMSDKSDIR=C:\Users\xchinjo\Documents\Embarcadero\Studio\SDKs	BDSPROFILESDIR=C:\Users\xchinjo\Documents\Embarcadero\Studio\Profiles	BDSPROJECTSDIR=C:\Users\xchinjo\Documents\Embarcadero\Studio\Projects	BDSUSERDIR=C:\Users\xchinjo\Documents\Embarcadero\Studio\19.0	CommonProgramFiles=C:\Program Files\Common Files	CommonProgramFiles(x86)=C:\Program Files (x86)\Common Files	CommonProgramW6432=C:\Program Files\Common Files	COMPUTERNAME=JONIT440P	ComSpec=C:\WINDOWS\system32\cmd.exe	DELPHI=c:\program files (x86)\embarcadero\studio\19.0	DEMOSDIR=C:\Users\Public\Documents\Embarcadero\Studio\19.0\Samples\	ESET_OPTIONS=                                                                                                                                                                                                                                                                                                                                                                                                                                                                                                                               	FMSoft=C:\Program Files (x86)\FMSoft\Framework	FPS_BROWSER_APP_PROFILE_STRING=Internet Explorer	FPS_BROWSER_USER_PROFILE_STRING=Default	HOMEDRIVE=C:	HOMEPATH=\Users\xchinjo	IBREDISTDIR=C:\Users\Public\Documents\Embarcadero\InterBase\redist\InterBaseXE7	LOCALAPPDATA=C:\Users\xchinjo\AppData\Local	LOGONSERVER=\\JONIT440P	NLS_LANG=THAI_THAILAND.TH8TISASCII	NUMBER_OF_PROCESSORS=4	OneDrive=C:\Users\xchinjo\OneDrive	ORACLE_HOME=D:\app\xchinjo\product\11.2.0\dbhome_1	OS=Windows_NT	Path=C:\Users\Public\Documents\Embarcadero\InterBase\redist\InterBaseXE7\IDE_spoof;C:\Program Files (x86)\Embarcadero\Studio\19.0\bin;C:\Users\Public\Documents\Embarcadero\Studio\19.0\Bpl;C:\Program Files (x86)\Embarcadero\Studio\19.0\bin64;C:\Users\Public\Documents\Embarcadero\Studio\19.0\Bpl\Win64;C:\Program Files (x86)\Embarcadero\Studio\19.0\bin;C:\Users\Public\Documents\Embarcadero\Studio\19.0\Bpl;D:\Oracle\OracleInstantClient;C:\ProgramData\Oracle\Java\javapath;C:\Program Files (x86)\Embarcadero\Studio\18.0\bin;C:\Users\Public\Documents\Embarcadero\Studio\18.0\Bpl;C:\Program Files (x86)\Embarcadero\Studio\18.0\bin64;C:\Users\Public\Documents\Embarcadero\Studio\18.0\Bpl\Win64;C:\Program Files (x86)\Embarcadero\Studio\17.0\bin;C:\Users\Public\Documents\Embarcadero\Studio\17.0\Bpl;C:\Program Files (x86)\Embarcadero\Studio\17.0\bin64;C:\Users\Public\Documents\Embarcadero\Studio\17.0\Bpl\Win64;C:\Program Files (x86)\Embarcadero\Studio\15.0\bin;C:\Users\Public\Documents\Embarcadero\Studio\15.0\Bpl;C:\Program Files (x86)\Embarcadero\Studio\15.0\bin64;C:\Users\Public\Documents\Embarcadero\Studio\15.0\Bpl\Win64;C:\Program Files (x86)\Embarcadero\RAD Studio\12.0\bin;C:\Users\Public\Documents\RAD Studio\12.0\Bpl;C:\Program Files (x86)\Embarcadero\RAD Studio\12.0\bin64;C:\Users\Public\Documents\RAD Studio\12.0\Bpl\Win64;C:\Program Files (x86)\Embarcadero\RAD Studio\9.0\bin;C:\Users\Public\Documents\RAD Studio\9.0\Bpl;C:\Program Files (x86)\Embarcadero\RAD Studio\9.0\bin64;C:\Users\Public\Documents\RAD Studio\9.0\Bpl\Win64;C:\Program Files (x86)\Borland\Delphi7\Bin;C:\Program Files (x86)\Borland\Delphi7\Projects\Bpl\;C:\WINDOWS\system32;C:\WINDOWS;C:\WINDOWS\System32\Wbem;C:\WINDOWS\System32\WindowsPowerShell\v1.0\;C:\Program Files\OpenVPN\bin;C:\Program Files (x86)\Common Files\Tom Sawyer Software\8.0.0;C:\Program Files\TortoiseSVN\bin;C:\Program Files\Microsoft SQL Server\110\DTS\Binn\;C:\Program Files (x86)\Microsoft SQL Server\110\Tools\Binn\;C:\Program Files\Microsoft SQL Server\110\Tools\Binn\;C:\Program Files (x86)\Microsoft SQL Server\110\Tools\Binn\ManagementStudio\;C:\Program Files (x86)\Microsoft Visual Studio 10.0\Common7\IDE\PrivateAssemblies\;C:\Program Files (x86)\Microsoft SQL Server\110\DTS\Binn\;C:\Program Files\TortoiseGit\bin;C:\Program Files\Git\cmd;C:\Program Files (x86)\Skype\Phone\;C:\Program Files\CMake\bin;C:\Program Files\Intel\WiFi\bin\;C:\Program Files\Common Files\Intel\WirelessCommon\;C:\Program Files (x86)\Em	PATHEXT=.COM;.EXE;.BAT;.CMD;.VBS;.VBE;.JS;.JSE;.WSF;.WSH;.MSC	PROCESSOR_ARCHITECTURE=AMD64	PROCESSOR_IDENTIFIER=Intel64 Family 6 Model 60 Stepping 3, GenuineIntel	PROCESSOR_LEVEL=6	PROCESSOR_REVISION=3c03	ProductVersion=19.0	ProgramData=C:\ProgramData	ProgramFiles=C:\Program Files	ProgramFiles(x86)=C:\Program Files (x86)	ProgramW6432=C:\Program Files	PSModulePath=C:\Program Files\WindowsPowerShell\Modules;C:\WINDOWS\system32\WindowsPowerShell\v1.0\Modules;C:\Program Files (x86)\Microsoft SQL Server\110\Tools\PowerShell\Modules\	PUBLIC=C:\Users\Public	SEE_MASK_NOZONECHECKS=1	SystemDrive=C:	SystemRoot=C:\WINDOWS	TEMP=C:\Users\xchinjo\AppData\Local\Temp	TMP=D:\Temp\Data	TNS_ADMIN=D:\Oracle\OracleInstantClient	TVT=C:\Program Files (x86)\Lenovo	USERDOMAIN=JONIT440P	USERDOMAIN_ROAMINGPROFILE=JONIT440P	USERNAME=xchinjo	USERPROFILE=C:\Users\xchinjo	VS110COMNTOOLS=C:\Program Files (x86)\Microsoft Visual Studio 11.0\Common7\Tools\	windir=C:\WINDOWS	__COMPAT_LAYER=RunAsAdminTSynLog 1.18.3675 FTS3 2017-05-28T02:33:1620170528 02331632  !  +    mORMotHttpServer.TSQLHttpServer(024C0190).Create useHttpApiRegisteringURI (secNone) on port 888
20170528 02331632  ! http  	mORMotHttpServer.TSQLHttpServer(024C0190) http.sys registration of http://+:888/root
20170528 02331632  " info  SetThreadName 00002C88=TSQLHttpServer 888/root THttpApiServer
20170528 02331632  " trace RESTServerClass.TNoteServer(024DF6C0) BeginCurrentThread(THttpApiServer) root=root ThreadID=00002C88 ThreadCount=1
20170528 02331632  # info  SetThreadName 00000AC8=TSQLHttpServer 888/root THttpApiServer
20170528 02331632  $ info  SetThreadName 00002D54=TSQLHttpServer 888/root THttpApiServer
20170528 02331632  % info  SetThreadName 00002ABC=TSQLHttpServer 888/root THttpApiServer
20170528 02331632  & info  SetThreadName 000032FC=TSQLHttpServer 888/root THttpApiServer
20170528 02331632  & trace RESTServerClass.TNoteServer(024DF6C0) BeginCurrentThread(THttpApiServer) root=root ThreadID=000032FC ThreadCount=5
20170528 02331632  # trace RESTServerClass.TNoteServer(024DF6C0) BeginCurrentThread(THttpApiServer) root=root ThreadID=00000AC8 ThreadCount=2
20170528 02331632  ' info  SetThreadName 000018CC=TSQLHttpServer 888/root THttpApiServer
20170528 02331632  ( info  SetThreadName 000002AC=TSQLHttpServer 888/root THttpApiServer
20170528 02331632  ) info  SetThreadName 0000030C=TSQLHttpServer 888/root THttpApiServer
20170528 02331632  * info  SetThreadName 00002C7C=TSQLHttpServer 888/root THttpApiServer
20170528 02331632  * trace RESTServerClass.TNoteServer(024DF6C0) BeginCurrentThread(THttpApiServer) root=root ThreadID=00002C7C ThreadCount=9
20170528 02331632  + info  SetThreadName 000007B0=TSQLHttpServer 888/root THttpApiServer
20170528 02331632  + trace RESTServerClass.TNoteServer(024DF6C0) BeginCurrentThread(THttpApiServer) root=root ThreadID=000007B0 ThreadCount=10
20170528 02331632  , info  SetThreadName 00002D18=TSQLHttpServer 888/root THttpApiServer
20170528 02331632  , trace RESTServerClass.TNoteServer(024DF6C0) BeginCurrentThread(THttpApiServer) root=root ThreadID=00002D18 ThreadCount=11
20170528 02331632  - info  SetThreadName 000021AC=TSQLHttpServer 888/root THttpApiServer
20170528 02331632  - trace RESTServerClass.TNoteServer(024DF6C0) BeginCurrentThread(THttpApiServer) root=root ThreadID=000021AC ThreadCount=12
20170528 02331632  ! http  	mORMotHttpServer.TSQLHttpServer(024C0190) {"THttpApiServer(024AA690)":{"Cloned":false,"RegisteredUrl":"http://+:888/root/","HTTPQueueLength":1000,"MaxBandwidth":-1,"MaxConnections":-1,"APIVersion":"HTTP API 2.0","ServerName":"mORMot (Windows)","ProcessName":"root "}} initialized for root
20170528 02331632  !  -    00.014.818
20170528 02331633  . info  SetThreadName 000033C4=TSQLHttpServer 888/root THttpApiServer
20170528 02331633  . trace RESTServerClass.TNoteServer(024DF6C0) BeginCurrentThread(THttpApiServer) root=root ThreadID=000033C4 ThreadCount=13
20170528 02331633  ' trace RESTServerClass.TNoteServer(024DF6C0) BeginCurrentThread(THttpApiServer) root=root ThreadID=000018CC ThreadCount=6
20170528 02331633  $ trace RESTServerClass.TNoteServer(024DF6C0) BeginCurrentThread(THttpApiServer) root=root ThreadID=00002D54 ThreadCount=3
20170528 02331633  / info  SetThreadName 00001658=TSQLHttpServer 888/root THttpApiServer
20170528 02331633  0 info  SetThreadName 00002930=TSQLHttpServer 888/root THttpApiServer
20170528 02331633  ( trace RESTServerClass.TNoteServer(024DF6C0) BeginCurrentThread(THttpApiServer) root=root ThreadID=000002AC ThreadCount=7
20170528 02331633  1 info  SetThreadName 00001C28=TSQLHttpServer 888/root THttpApiServer
20170528 02331633  2 info  SetThreadName 00002118=TSQLHttpServer 888/root THttpApiServer
20170528 02331633  2 trace RESTServerClass.TNoteServer(024DF6C0) BeginCurrentThread(THttpApiServer) root=root ThreadID=00002118 ThreadCount=17
20170528 02331633  ) trace RESTServerClass.TNoteServer(024DF6C0) BeginCurrentThread(THttpApiServer) root=root ThreadID=0000030C ThreadCount=8
20170528 02331633  3 info  SetThreadName 00002140=TSQLHttpServer 888/root THttpApiServer
20170528 02331633  4 info  SetThreadName 00001A94=TSQLHttpServer 888/root THttpApiServer
20170528 02331633  4 trace RESTServerClass.TNoteServer(024DF6C0) BeginCurrentThread(THttpApiServer) root=root ThreadID=00001A94 ThreadCount=19
20170528 02331634  5 info  SetThreadName 0000013C=TSQLHttpServer 888/root THttpApiServer
20170528 02331634  6 info  SetThreadName 00001BEC=TSQLHttpServer 888/root THttpApiServer
20170528 02331634  7 info  SetThreadName 00002C94=TSQLHttpServer 888/root THttpApiServer
20170528 02331634  7 trace RESTServerClass.TNoteServer(024DF6C0) BeginCurrentThread(THttpApiServer) root=root ThreadID=00002C94 ThreadCount=22
20170528 02331634  8 info  SetThreadName 00000C34=TSQLHttpServer 888/root THttpApiServer
20170528 02331634  8 trace RESTServerClass.TNoteServer(024DF6C0) BeginCurrentThread(THttpApiServer) root=root ThreadID=00000C34 ThreadCount=23
20170528 02331634  9 info  SetThreadName 00000A08=TSQLHttpServer 888/root THttpApiServer
20170528 02331634  9 trace RESTServerClass.TNoteServer(024DF6C0) BeginCurrentThread(THttpApiServer) root=root ThreadID=00000A08 ThreadCount=24
20170528 02331634  : info  SetThreadName 00000D78=TSQLHttpServer 888/root THttpApiServer
20170528 02331634  : trace RESTServerClass.TNoteServer(024DF6C0) BeginCurrentThread(THttpApiServer) root=root ThreadID=00000D78 ThreadCount=25
20170528 02331634  ; info  SetThreadName 000031E0=TSQLHttpServer 888/root THttpApiServer
20170528 02331634  ; trace RESTServerClass.TNoteServer(024DF6C0) BeginCurrentThread(THttpApiServer) root=root ThreadID=000031E0 ThreadCount=26
20170528 02331634  / trace RESTServerClass.TNoteServer(024DF6C0) BeginCurrentThread(THttpApiServer) root=root ThreadID=00001658 ThreadCount=14
20170528 02331634  0 trace RESTServerClass.TNoteServer(024DF6C0) BeginCurrentThread(THttpApiServer) root=root ThreadID=00002930 ThreadCount=15
20170528 02331634  1 trace RESTServerClass.TNoteServer(024DF6C0) BeginCurrentThread(THttpApiServer) root=root ThreadID=00001C28 ThreadCount=16
20170528 02331634  < info  SetThreadName 000032D0=TSQLHttpServer 888/root THttpApiServer
20170528 02331634  3 trace RESTServerClass.TNoteServer(024DF6C0) BeginCurrentThread(THttpApiServer) root=root ThreadID=00002140 ThreadCount=18
20170528 02331634  % trace RESTServerClass.TNoteServer(024DF6C0) BeginCurrentThread(THttpApiServer) root=root ThreadID=00002ABC ThreadCount=4
20170528 02331634  5 trace RESTServerClass.TNoteServer(024DF6C0) BeginCurrentThread(THttpApiServer) root=root ThreadID=0000013C ThreadCount=20
20170528 02331635  6 trace RESTServerClass.TNoteServer(024DF6C0) BeginCurrentThread(THttpApiServer) root=root ThreadID=00001BEC ThreadCount=21
20170528 02331635  = info  SetThreadName 00002EA4=TSQLHttpServer 888/root THttpApiServer
20170528 02331635  > info  SetThreadName 00000780=TSQLHttpServer 888/root THttpApiServer
20170528 02331635  ? info  SetThreadName 00002530=TSQLHttpServer 888/root THttpApiServer
20170528 02331635  ? trace RESTServerClass.TNoteServer(024DF6C0) BeginCurrentThread(THttpApiServer) root=root ThreadID=00002530 ThreadCount=30
20170528 02331635  @ info  SetThreadName 00002054=TSQLHttpServer 888/root THttpApiServer
20170528 02331635  @ trace RESTServerClass.TNoteServer(024DF6C0) BeginCurrentThread(THttpApiServer) root=root ThreadID=00002054 ThreadCount=31
20170528 02331635  = trace RESTServerClass.TNoteServer(024DF6C0) BeginCurrentThread(THttpApiServer) root=root ThreadID=00002EA4 ThreadCount=28
20170528 02331635  > trace RESTServerClass.TNoteServer(024DF6C0) BeginCurrentThread(THttpApiServer) root=root ThreadID=00000780 ThreadCount=29
20170528 02331635  A info  SetThreadName 000028F0=TSQLHttpServer 888/root THttpApiServer
20170528 02331635  < trace RESTServerClass.TNoteServer(024DF6C0) BeginCurrentThread(THttpApiServer) root=root ThreadID=000032D0 ThreadCount=27
20170528 02331635  A trace RESTServerClass.TNoteServer(024DF6C0) BeginCurrentThread(THttpApiServer) root=root ThreadID=000028F0 ThreadCount=32
20170528 02332309  "  +    RESTServerClass.TNoteServer(024DF6C0).URI(GET root/TimeStamp inlen=0)
