C:\LIB\DELPHI_LIB\mORMot_BerlinUpd1\SQLite3\Samples\26 - RESTful ORM\RESTserver.exe 0.0.0.0 (2017-05-28 09:14:40)Host=JONIT440P User=xchinjo CPU=4*9-6-15363:FFFBEBBFFFFBFA7FAB27000000 OS=15.0=6.2.9200 Wow64=1 Freq=2825501Environment variables=ALLUSERSPROFILE=C:\ProgramData	APPDATA=C:\Users\xchinjo\AppData\Roaming	BDS=c:\program files (x86)\embarcadero\studio\19.0	BDSAppDataBaseDir=BDS	BDSBIN=c:\program files (x86)\embarcadero\studio\19.0\bin	BDSCatalogRepository=C:\Users\xchinjo\Documents\Embarcadero\Studio\19.0\CatalogRepository	BDSCatalogRepositoryAllUsers=C:\Users\Public\Documents\Embarcadero\Studio\19.0\CatalogRepository	BDSCOMMONDIR=C:\Users\Public\Documents\Embarcadero\Studio\19.0	BDSINCLUDE=c:\program files (x86)\embarcadero\studio\19.0\include	BDSLIB=c:\program files (x86)\embarcadero\studio\19.0\lib	BDSPLATFORMSDKSDIR=C:\Users\xchinjo\Documents\Embarcadero\Studio\SDKs	BDSPROFILESDIR=C:\Users\xchinjo\Documents\Embarcadero\Studio\Profiles	BDSPROJECTSDIR=C:\Users\xchinjo\Documents\Embarcadero\Studio\Projects	BDSUSERDIR=C:\Users\xchinjo\Documents\Embarcadero\Studio\19.0	CommonProgramFiles=C:\Program Files (x86)\Common Files	CommonProgramFiles(x86)=C:\Program Files (x86)\Common Files	CommonProgramW6432=C:\Program Files\Common Files	COMPUTERNAME=JONIT440P	ComSpec=C:\WINDOWS\system32\cmd.exe	DELPHI=c:\program files (x86)\embarcadero\studio\19.0	DEMOSDIR=C:\Users\Public\Documents\Embarcadero\Studio\19.0\Samples\	ESET_OPTIONS=                                                                                                                                                                                                                                                                                                                                                                                                                                                                                                                               	FMSoft=C:\Program Files (x86)\FMSoft\Framework	FPS_BROWSER_APP_PROFILE_STRING=Internet Explorer	FPS_BROWSER_USER_PROFILE_STRING=Default	HOMEDRIVE=C:	HOMEPATH=\Users\xchinjo	IBREDISTDIR=C:\Users\Public\Documents\Embarcadero\InterBase\redist\InterBaseXE7	LOCALAPPDATA=C:\Users\xchinjo\AppData\Local	LOGONSERVER=\\JONIT440P	NLS_LANG=THAI_THAILAND.TH8TISASCII	NUMBER_OF_PROCESSORS=4	OneDrive=C:\Users\xchinjo\OneDrive	ORACLE_HOME=D:\app\xchinjo\product\11.2.0\dbhome_1	OS=Windows_NT	Path=C:\Users\Public\Documents\Embarcadero\InterBase\redist\InterBaseXE7\IDE_spoof;C:\Program Files (x86)\Embarcadero\Studio\19.0\bin;C:\Users\Public\Documents\Embarcadero\Studio\19.0\Bpl;C:\Program Files (x86)\Embarcadero\Studio\19.0\bin64;C:\Users\Public\Documents\Embarcadero\Studio\19.0\Bpl\Win64;C:\Program Files (x86)\Embarcadero\Studio\19.0\bin;C:\Users\Public\Documents\Embarcadero\Studio\19.0\Bpl;D:\Oracle\OracleInstantClient;C:\ProgramData\Oracle\Java\javapath;C:\Program Files (x86)\Embarcadero\Studio\18.0\bin;C:\Users\Public\Documents\Embarcadero\Studio\18.0\Bpl;C:\Program Files (x86)\Embarcadero\Studio\18.0\bin64;C:\Users\Public\Documents\Embarcadero\Studio\18.0\Bpl\Win64;C:\Program Files (x86)\Embarcadero\Studio\17.0\bin;C:\Users\Public\Documents\Embarcadero\Studio\17.0\Bpl;C:\Program Files (x86)\Embarcadero\Studio\17.0\bin64;C:\Users\Public\Documents\Embarcadero\Studio\17.0\Bpl\Win64;C:\Program Files (x86)\Embarcadero\Studio\15.0\bin;C:\Users\Public\Documents\Embarcadero\Studio\15.0\Bpl;C:\Program Files (x86)\Embarcadero\Studio\15.0\bin64;C:\Users\Public\Documents\Embarcadero\Studio\15.0\Bpl\Win64;C:\Program Files (x86)\Embarcadero\RAD Studio\12.0\bin;C:\Users\Public\Documents\RAD Studio\12.0\Bpl;C:\Program Files (x86)\Embarcadero\RAD Studio\12.0\bin64;C:\Users\Public\Documents\RAD Studio\12.0\Bpl\Win64;C:\Program Files (x86)\Embarcadero\RAD Studio\9.0\bin;C:\Users\Public\Documents\RAD Studio\9.0\Bpl;C:\Program Files (x86)\Embarcadero\RAD Studio\9.0\bin64;C:\Users\Public\Documents\RAD Studio\9.0\Bpl\Win64;C:\Program Files (x86)\Borland\Delphi7\Bin;C:\Program Files (x86)\Borland\Delphi7\Projects\Bpl\;C:\WINDOWS\system32;C:\WINDOWS;C:\WINDOWS\System32\Wbem;C:\WINDOWS\System32\WindowsPowerShell\v1.0\;C:\Program Files\OpenVPN\bin;C:\Program Files (x86)\Common Files\Tom Sawyer Software\8.0.0;C:\Program Files\TortoiseSVN\bin;C:\Program Files\Microsoft SQL Server\110\DTS\Binn\;C:\Program Files (x86)\Microsoft SQL Server\110\Tools\Binn\;C:\Program Files\Microsoft SQL Server\110\Tools\Binn\;C:\Program Files (x86)\Microsoft SQL Server\110\Tools\Binn\ManagementStudio\;C:\Program Files (x86)\Microsoft Visual Studio 10.0\Common7\IDE\PrivateAssemblies\;C:\Program Files (x86)\Microsoft SQL Server\110\DTS\Binn\;C:\Program Files\TortoiseGit\bin;C:\Program Files\Git\cmd;C:\Program Files (x86)\Skype\Phone\;C:\Program Files\CMake\bin;C:\Program Files\Intel\WiFi\bin\;C:\Program Files\Common Files\Intel\WirelessCommon\;C:\Program Files (x86)\Em	PATHEXT=.COM;.EXE;.BAT;.CMD;.VBS;.VBE;.JS;.JSE;.WSF;.WSH;.MSC	PROCESSOR_ARCHITECTURE=x86	PROCESSOR_ARCHITEW6432=AMD64	PROCESSOR_IDENTIFIER=Intel64 Family 6 Model 60 Stepping 3, GenuineIntel	PROCESSOR_LEVEL=6	PROCESSOR_REVISION=3c03	ProductVersion=19.0	ProgramData=C:\ProgramData	ProgramFiles=C:\Program Files (x86)	ProgramFiles(x86)=C:\Program Files (x86)	ProgramW6432=C:\Program Files	PSModulePath=C:\Program Files\WindowsPowerShell\Modules;C:\WINDOWS\system32\WindowsPowerShell\v1.0\Modules;C:\Program Files (x86)\Microsoft SQL Server\110\Tools\PowerShell\Modules\	PUBLIC=C:\Users\Public	SEE_MASK_NOZONECHECKS=1	SystemDrive=C:	SystemRoot=C:\WINDOWS	TEMP=C:\Users\xchinjo\AppData\Local\Temp	TMP=D:\Temp\Data	TNS_ADMIN=D:\Oracle\OracleInstantClient	TVT=C:\Program Files (x86)\Lenovo	USERDOMAIN=JONIT440P	USERDOMAIN_ROAMINGPROFILE=JONIT440P	USERNAME=xchinjo	USERPROFILE=C:\Users\xchinjo	VS110COMNTOOLS=C:\Program Files (x86)\Microsoft Visual Studio 11.0\Common7\Tools\	windir=C:\WINDOWS	__COMPAT_LAYER=RunAsAdminTSynLog 1.18.3675 FTS3 2017-05-28T02:15:2520170528 02152525  !  +    mORMotHttpServer.TSQLHttpServer(02454880).Create useHttpApiRegisteringURI (secNone) on port 888
20170528 02152525  ! http  	mORMotHttpServer.TSQLHttpServer(02454880) http.sys registration of http://+:888/root
20170528 02152525  " info  SetThreadName 00003634=TSQLHttpServer 888/root THttpApiServer
20170528 02152525  " trace RESTServerClass.TNoteServer(02473080) BeginCurrentThread(THttpApiServer) root=root ThreadID=00003634 ThreadCount=1
20170528 02152525  # info  SetThreadName 00002C24=TSQLHttpServer 888/root THttpApiServer
20170528 02152525  $ info  SetThreadName 00001BD0=TSQLHttpServer 888/root THttpApiServer
20170528 02152525  $ trace RESTServerClass.TNoteServer(02473080) BeginCurrentThread(THttpApiServer) root=root ThreadID=00001BD0 ThreadCount=3
20170528 02152525  % info  SetThreadName 00003554=TSQLHttpServer 888/root THttpApiServer
20170528 02152525  & info  SetThreadName 00002B6C=TSQLHttpServer 888/root THttpApiServer
20170528 02152525  & trace RESTServerClass.TNoteServer(02473080) BeginCurrentThread(THttpApiServer) root=root ThreadID=00002B6C ThreadCount=5
20170528 02152525  ' info  SetThreadName 000001A0=TSQLHttpServer 888/root THttpApiServer
20170528 02152525  ( info  SetThreadName 000006F0=TSQLHttpServer 888/root THttpApiServer
20170528 02152525  ( trace RESTServerClass.TNoteServer(02473080) BeginCurrentThread(THttpApiServer) root=root ThreadID=000006F0 ThreadCount=7
20170528 02152525  ) info  SetThreadName 00003024=TSQLHttpServer 888/root THttpApiServer
20170528 02152525  ) trace RESTServerClass.TNoteServer(02473080) BeginCurrentThread(THttpApiServer) root=root ThreadID=00003024 ThreadCount=8
20170528 02152525  * info  SetThreadName 00001284=TSQLHttpServer 888/root THttpApiServer
20170528 02152525  * trace RESTServerClass.TNoteServer(02473080) BeginCurrentThread(THttpApiServer) root=root ThreadID=00001284 ThreadCount=9
20170528 02152525  + info  SetThreadName 0000049C=TSQLHttpServer 888/root THttpApiServer
20170528 02152525  + trace RESTServerClass.TNoteServer(02473080) BeginCurrentThread(THttpApiServer) root=root ThreadID=0000049C ThreadCount=10
20170528 02152525  % trace RESTServerClass.TNoteServer(02473080) BeginCurrentThread(THttpApiServer) root=root ThreadID=00003554 ThreadCount=4
20170528 02152525  , info  SetThreadName 00003324=TSQLHttpServer 888/root THttpApiServer
20170528 02152525  , trace RESTServerClass.TNoteServer(02473080) BeginCurrentThread(THttpApiServer) root=root ThreadID=00003324 ThreadCount=11
20170528 02152525  - info  SetThreadName 00000358=TSQLHttpServer 888/root THttpApiServer
20170528 02152525  - trace RESTServerClass.TNoteServer(02473080) BeginCurrentThread(THttpApiServer) root=root ThreadID=00000358 ThreadCount=12
20170528 02152525  . info  SetThreadName 00000164=TSQLHttpServer 888/root THttpApiServer
20170528 02152525  . trace RESTServerClass.TNoteServer(02473080) BeginCurrentThread(THttpApiServer) root=root ThreadID=00000164 ThreadCount=13
20170528 02152525  / info  SetThreadName 00001E1C=TSQLHttpServer 888/root THttpApiServer
20170528 02152525  / trace RESTServerClass.TNoteServer(02473080) BeginCurrentThread(THttpApiServer) root=root ThreadID=00001E1C ThreadCount=14
20170528 02152525  0 info  SetThreadName 000022F4=TSQLHttpServer 888/root THttpApiServer
20170528 02152525  0 trace RESTServerClass.TNoteServer(02473080) BeginCurrentThread(THttpApiServer) root=root ThreadID=000022F4 ThreadCount=15
20170528 02152526  1 info  SetThreadName 00001030=TSQLHttpServer 888/root THttpApiServer
20170528 02152526  1 trace RESTServerClass.TNoteServer(02473080) BeginCurrentThread(THttpApiServer) root=root ThreadID=00001030 ThreadCount=16
20170528 02152526  2 info  SetThreadName 000017C0=TSQLHttpServer 888/root THttpApiServer
20170528 02152526  2 trace RESTServerClass.TNoteServer(02473080) BeginCurrentThread(THttpApiServer) root=root ThreadID=000017C0 ThreadCount=17
20170528 02152526  3 info  SetThreadName 00000BE0=TSQLHttpServer 888/root THttpApiServer
20170528 02152526  3 trace RESTServerClass.TNoteServer(02473080) BeginCurrentThread(THttpApiServer) root=root ThreadID=00000BE0 ThreadCount=18
20170528 02152526  4 info  SetThreadName 000030C4=TSQLHttpServer 888/root THttpApiServer
20170528 02152526  4 trace RESTServerClass.TNoteServer(02473080) BeginCurrentThread(THttpApiServer) root=root ThreadID=000030C4 ThreadCount=19
20170528 02152526  5 info  SetThreadName 00000220=TSQLHttpServer 888/root THttpApiServer
20170528 02152526  5 trace RESTServerClass.TNoteServer(02473080) BeginCurrentThread(THttpApiServer) root=root ThreadID=00000220 ThreadCount=20
20170528 02152526  6 info  SetThreadName 00002EB4=TSQLHttpServer 888/root THttpApiServer
20170528 02152526  6 trace RESTServerClass.TNoteServer(02473080) BeginCurrentThread(THttpApiServer) root=root ThreadID=00002EB4 ThreadCount=21
20170528 02152526  7 info  SetThreadName 0000256C=TSQLHttpServer 888/root THttpApiServer
20170528 02152526  7 trace RESTServerClass.TNoteServer(02473080) BeginCurrentThread(THttpApiServer) root=root ThreadID=0000256C ThreadCount=22
20170528 02152526  # trace RESTServerClass.TNoteServer(02473080) BeginCurrentThread(THttpApiServer) root=root ThreadID=00002C24 ThreadCount=2
20170528 02152526  8 info  SetThreadName 000036C8=TSQLHttpServer 888/root THttpApiServer
20170528 02152526  8 trace RESTServerClass.TNoteServer(02473080) BeginCurrentThread(THttpApiServer) root=root ThreadID=000036C8 ThreadCount=23
20170528 02152526  ' trace RESTServerClass.TNoteServer(02473080) BeginCurrentThread(THttpApiServer) root=root ThreadID=000001A0 ThreadCount=6
20170528 02152526  9 info  SetThreadName 000023D4=TSQLHttpServer 888/root THttpApiServer
20170528 02152526  9 trace RESTServerClass.TNoteServer(02473080) BeginCurrentThread(THttpApiServer) root=root ThreadID=000023D4 ThreadCount=24
20170528 02152526  : info  SetThreadName 000028B8=TSQLHttpServer 888/root THttpApiServer
20170528 02152526  : trace RESTServerClass.TNoteServer(02473080) BeginCurrentThread(THttpApiServer) root=root ThreadID=000028B8 ThreadCount=25
20170528 02152527  ; info  SetThreadName 00001358=TSQLHttpServer 888/root THttpApiServer
20170528 02152527  ; trace RESTServerClass.TNoteServer(02473080) BeginCurrentThread(THttpApiServer) root=root ThreadID=00001358 ThreadCount=26
20170528 02152527  < info  SetThreadName 00003148=TSQLHttpServer 888/root THttpApiServer
20170528 02152527  < trace RESTServerClass.TNoteServer(02473080) BeginCurrentThread(THttpApiServer) root=root ThreadID=00003148 ThreadCount=27
20170528 02152527  = info  SetThreadName 000036B0=TSQLHttpServer 888/root THttpApiServer
20170528 02152527  = trace RESTServerClass.TNoteServer(02473080) BeginCurrentThread(THttpApiServer) root=root ThreadID=000036B0 ThreadCount=28
20170528 02152527  > info  SetThreadName 00003574=TSQLHttpServer 888/root THttpApiServer
20170528 02152527  > trace RESTServerClass.TNoteServer(02473080) BeginCurrentThread(THttpApiServer) root=root ThreadID=00003574 ThreadCount=29
20170528 02152527  ? info  SetThreadName 00002CA0=TSQLHttpServer 888/root THttpApiServer
20170528 02152527  @ info  SetThreadName 0000221C=TSQLHttpServer 888/root THttpApiServer
20170528 02152527  @ trace RESTServerClass.TNoteServer(02473080) BeginCurrentThread(THttpApiServer) root=root ThreadID=0000221C ThreadCount=31
20170528 02152527  ! http  	mORMotHttpServer.TSQLHttpServer(02454880) {"THttpApiServer(02420A70)":{"Cloned":false,"RegisteredUrl":"http://+:888/root/","HTTPQueueLength":1000,"MaxBandwidth":-1,"MaxConnections":-1,"APIVersion":"HTTP API 2.0","ServerName":"mORMot (Windows)","ProcessName":"root "}} initialized for root
20170528 02152527  !  -    00.037.106
20170528 02152527  A info  SetThreadName 00001B74=TSQLHttpServer 888/root THttpApiServer
20170528 02152527  ? trace RESTServerClass.TNoteServer(02473080) BeginCurrentThread(THttpApiServer) root=root ThreadID=00002CA0 ThreadCount=30
20170528 02152527  A trace RESTServerClass.TNoteServer(02473080) BeginCurrentThread(THttpApiServer) root=root ThreadID=00001B74 ThreadCount=32
20170528 02153652  "  +    RESTServerClass.TNoteServer(02473080).URI(GET root/TimeStamp inlen=0)
20170528 02153652  " call  	RESTServerClass.TNoteServer(02473080) TimeStamp 
20170528 02153652  " srvr  	RESTServerClass.TNoteServer(02473080)   GET root/TimeStamp SOA-Method -> 200 with outlen=12 in 604 us
20170528 02153652  " ret   	RESTServerClass.TNoteServer(02473080) 135378904036
20170528 02153652  "  -    00.002.512
20170528 02154322  $  +    RESTServerClass.TNoteServer(02473080).URI(PUT root/NoteFile/blob inlen=3)
20170528 02154322  $ call  	RESTServerClass.TNoteServer(02473080) Blob 
20170528 02154322  $ srvr  	RESTServerClass.TNoteServer(02473080)   PUT root/NoteFile SOA-Method -> 200 with outlen=0 in 657 us
20170528 02154322  $  -    00.002.012
20170528 02154927  &  +    RESTServerClass.TNoteServer(02473080).URI(GET root/NoteFile/1/blob inlen=0)
20170528 02154927  & call  	RESTServerClass.TNoteServer(02473080) Blob 
20170528 02154927  & srvr  	RESTServerClass.TNoteServer(02473080)   GET root/NoteFile SOA-Method -> 200 with outlen=79 in 426 us
20170528 02154927  &  -    00.002.453
20170528 02155227  (  +    RESTServerClass.TNoteServer(02473080).URI(GET root/NoteFile/2/blob inlen=0)
20170528 02155227  ( call  	RESTServerClass.TNoteServer(02473080) Blob 
20170528 02155227  ( srvr  	RESTServerClass.TNoteServer(02473080)   GET root/NoteFile SOA-Method -> 200 with outlen=79 in 434 us
20170528 02155227  (  -    00.002.379
20170528 02155434  )  +    RESTServerClass.TNoteServer(02473080).URI(POST root/NoteFile inlen=117)
20170528 02155434  ) srvr  	RESTServerClass.TNoteServer(02473080)   POST root/NoteFile ORM-Write -> 201 with outlen=0 in 60 us
20170528 02155434  )  -    00.001.356
20170528 02155803  *  +    RESTServerClass.TNoteServer(02473080).URI(PUT root/NoteFile/1/blob inlen=19)
20170528 02155803  * call  	RESTServerClass.TNoteServer(02473080) Blob 
20170528 02155803  * srvr  	RESTServerClass.TNoteServer(02473080)   PUT root/NoteFile SOA-Method -> 200 with outlen=0 in 1233 us
20170528 02155803  *  -    00.002.657
20170528 02160032  +  +    RESTServerClass.TNoteServer(02473080).URI(GET root/NoteFile/1/blob inlen=0)
20170528 02160032  + call  	RESTServerClass.TNoteServer(02473080) Blob 
20170528 02160032  + srvr  	RESTServerClass.TNoteServer(02473080)   GET root/NoteFile SOA-Method -> 200 with outlen=91 in 415 us
20170528 02160032  +  -    00.002.202
20170528 02160211  %  +    RESTServerClass.TNoteServer(02473080).URI(POST root/NoteFile inlen=117)
20170528 02160211  % srvr  	RESTServerClass.TNoteServer(02473080)   POST root/NoteFile ORM-Write -> 201 with outlen=0 in 35 us
20170528 02160211  %  -    00.001.406
20170528 02160306  ,  +    RESTServerClass.TNoteServer(02473080).URI(PUT root/NoteFile/2/blob inlen=19)
20170528 02160307  , call  	RESTServerClass.TNoteServer(02473080) Blob 
20170528 02160307  , srvr  	RESTServerClass.TNoteServer(02473080)   PUT root/NoteFile SOA-Method -> 200 with outlen=0 in 1287 us
20170528 02160307  ,  -    00.003.462
20170528 02160450  -  +    RESTServerClass.TNoteServer(02473080).URI(POST root/NoteFile inlen=117)
20170528 02160450  - srvr  	RESTServerClass.TNoteServer(02473080)   POST root/NoteFile ORM-Write -> 201 with outlen=0 in 36 us
20170528 02160450  -  -    00.001.236
20170528 02160711  .  +    RESTServerClass.TNoteServer(02473080).URI(PUT root/NoteFile/3/blob inlen=14)
20170528 02160711  . call  	RESTServerClass.TNoteServer(02473080) Blob 
20170528 02160711  . srvr  	RESTServerClass.TNoteServer(02473080)   PUT root/NoteFile SOA-Method -> 200 with outlen=0 in 1395 us
20170528 02160711  .  -    00.003.570
20170528 02160927  /  +    RESTServerClass.TNoteServer(02473080).URI(GET root/NoteFile/3/blob inlen=0)
20170528 02160927  / call  	RESTServerClass.TNoteServer(02473080) Blob 
20170528 02160927  / srvr  	RESTServerClass.TNoteServer(02473080)   GET root/NoteFile SOA-Method -> 200 with outlen=91 in 599 us
20170528 02160927  /  -    00.002.769
20170528 02161206  0  +    RESTServerClass.TNoteServer(02473080).URI(GET root/NoteFile/2/blob inlen=0)
20170528 02161206  0 call  	RESTServerClass.TNoteServer(02473080) Blob 
20170528 02161206  0 srvr  	