C:\LIB\DELPHI_LIB\mORMot_BerlinUpd1\SQLite3\Samples\28 - Simple RESTful ORM Server\RESTserver.exe 0.0.0.0 (2017-05-28 09:08:41)Host=JONIT440P User=xchinjo CPU=4*9-6-15363:FFFBEBBFFFFBFA7FAB27000000 OS=15.0=6.2.9200 Wow64=1 Freq=2825501Environment variables=ALLUSERSPROFILE=C:\ProgramData	APPDATA=C:\Users\xchinjo\AppData\Roaming	CommonProgramFiles=C:\Program Files (x86)\Common Files	CommonProgramFiles(x86)=C:\Program Files (x86)\Common Files	CommonProgramW6432=C:\Program Files\Common Files	COMPUTERNAME=JONIT440P	ComSpec=C:\WINDOWS\system32\cmd.exe	ESET_OPTIONS=                                                                                                                                                                                                                                                                                                                                                                                                                                                                                                                               	FPS_BROWSER_APP_PROFILE_STRING=Internet Explorer	FPS_BROWSER_USER_PROFILE_STRING=Default	HOMEDRIVE=C:	HOMEPATH=\Users\xchinjo	LOCALAPPDATA=C:\Users\xchinjo\AppData\Local	LOGONSERVER=\\JONIT440P	NLS_LANG=THAI_THAILAND.TH8TISASCII	NUMBER_OF_PROCESSORS=4	OneDrive=C:\Users\xchinjo\OneDrive	ORACLE_HOME=D:\app\xchinjo\product\11.2.0\dbhome_1	OS=Windows_NT	Path=C:\Program Files (x86)\Embarcadero\Studio\19.0\bin;C:\Users\Public\Documents\Embarcadero\Studio\19.0\Bpl;C:\Program Files (x86)\Embarcadero\Studio\19.0\bin64;C:\Users\Public\Documents\Embarcadero\Studio\19.0\Bpl\Win64;C:\Program Files (x86)\Embarcadero\Studio\19.0\bin;C:\Users\Public\Documents\Embarcadero\Studio\19.0\Bpl;D:\Oracle\OracleInstantClient;C:\ProgramData\Oracle\Java\javapath;C:\Program Files (x86)\Embarcadero\Studio\18.0\bin;C:\Users\Public\Documents\Embarcadero\Studio\18.0\Bpl;C:\Program Files (x86)\Embarcadero\Studio\18.0\bin64;C:\Users\Public\Documents\Embarcadero\Studio\18.0\Bpl\Win64;C:\Program Files (x86)\Embarcadero\Studio\17.0\bin;C:\Users\Public\Documents\Embarcadero\Studio\17.0\Bpl;C:\Program Files (x86)\Embarcadero\Studio\17.0\bin64;C:\Users\Public\Documents\Embarcadero\Studio\17.0\Bpl\Win64;C:\Program Files (x86)\Embarcadero\Studio\15.0\bin;C:\Users\Public\Documents\Embarcadero\Studio\15.0\Bpl;C:\Program Files (x86)\Embarcadero\Studio\15.0\bin64;C:\Users\Public\Documents\Embarcadero\Studio\15.0\Bpl\Win64;C:\Program Files (x86)\Embarcadero\RAD Studio\12.0\bin;C:\Users\Public\Documents\RAD Studio\12.0\Bpl;C:\Program Files (x86)\Embarcadero\RAD Studio\12.0\bin64;C:\Users\Public\Documents\RAD Studio\12.0\Bpl\Win64;C:\Program Files (x86)\Embarcadero\RAD Studio\9.0\bin;C:\Users\Public\Documents\RAD Studio\9.0\Bpl;C:\Program Files (x86)\Embarcadero\RAD Studio\9.0\bin64;C:\Users\Public\Documents\RAD Studio\9.0\Bpl\Win64;C:\Program Files (x86)\Borland\Delphi7\Bin;C:\Program Files (x86)\Borland\Delphi7\Projects\Bpl\;C:\WINDOWS\system32;C:\WINDOWS;C:\WINDOWS\System32\Wbem;C:\WINDOWS\System32\WindowsPowerShell\v1.0\;C:\Program Files\OpenVPN\bin;C:\Program Files (x86)\Common Files\Tom Sawyer Software\8.0.0;C:\Program Files\TortoiseSVN\bin;C:\Program Files\Microsoft SQL Server\110\DTS\Binn\;C:\Program Files (x86)\Microsoft SQL Server\110\Tools\Binn\;C:\Program Files\Microsoft SQL Server\110\Tools\Binn\;C:\Program Files (x86)\Microsoft SQL Server\110\Tools\Binn\ManagementStudio\;C:\Program Files (x86)\Microsoft Visual Studio 10.0\Common7\IDE\PrivateAssemblies\;C:\Program Files (x86)\Microsoft SQL Server\110\DTS\Binn\;C:\Program Files\TortoiseGit\bin;C:\Program Files\Git\cmd;C:\Program Files (x86)\Skype\Phone\;C:\Program Files\CMake\bin;C:\Program Files\Intel\WiFi\bin\;C:\Program Files\Common Files\Intel\WirelessCommon\;C:\ProgramData\Oracle\Java\javapath;C:\Program Files (x86)\Embarcadero\Studio\18.0\bin;C:\Users\Public\Documents\Embarcadero\Studio\18.0\Bpl;C:\Program Files (x86)\Embarcadero\Studio\18.0\bin64;C:\Users\Public\Documents\Embarcadero\Studio\18.0\Bpl\Win64;C:\Program Files (x86)\Embarcadero\Studio\17.0\bin;C:\Users\Public\Documents\Embarcadero\Studio\17.0\Bpl;C:\Program Files (x86)\Embarcadero\Studio\17.0\bin64;C:\Users\Public\Documents\Embarcadero\Studio\17.0\Bpl\Win64;C:\Program Files (x86)\Embarcadero\Studio\15.0\bin;C:\Users\Public\Documents\Embarcadero\Studio\15.0\Bpl;C:\Program Files (x86)\Embarcadero\Studio\15.0\bin64;C:\Users\Public\Documents\Embarcadero\Studio\15.0\Bpl\Win64;C:\Program Files (x86)\Embarcadero\RAD Studio\12.0\bin;C:\Users\Public\Documents\RAD Studio\12.0\Bpl;C:\Program Files (x86)\Embarcadero\RAD Studio\12.0\bin64;C:\Users\Public\Documents\RAD Studio\12.0\Bpl\Win64;C:\Program Files (x86)\Embarcadero\RAD Studio\9.0\bin;C:\Users\Public\Documents\RAD Studio\9.0\Bpl;C:\Program Files (x86)\Em	PATHEXT=.COM;.EXE;.BAT;.CMD;.VBS;.VBE;.JS;.JSE;.WSF;.WSH;.MSC	PROCESSOR_ARCHITECTURE=x86	PROCESSOR_ARCHITEW6432=AMD64	PROCESSOR_IDENTIFIER=Intel64 Family 6 Model 60 Stepping 3, GenuineIntel	PROCESSOR_LEVEL=6	PROCESSOR_REVISION=3c03	ProgramData=C:\ProgramData	ProgramFiles=C:\Program Files (x86)	ProgramFiles(x86)=C:\Program Files (x86)	ProgramW6432=C:\Program Files	PSModulePath=C:\Program Files\WindowsPowerShell\Modules;C:\WINDOWS\system32\WindowsPowerShell\v1.0\Modules;C:\Program Files (x86)\Microsoft SQL Server\110\Tools\PowerShell\Modules\	PUBLIC=C:\Users\Public	SESSIONNAME=Console	SystemDrive=C:	SystemRoot=C:\WINDOWS	TEMP=C:\Users\xchinjo\AppData\Local\Temp	TMP=D:\Temp\Data	TNS_ADMIN=D:\Oracle\OracleInstantClient	TVT=C:\Program Files (x86)\Lenovo	USERDOMAIN=JONIT440P	USERDOMAIN_ROAMINGPROFILE=JONIT440P	USERNAME=xchinjo	USERPROFILE=C:\Users\xchinjo	VS110COMNTOOLS=C:\Program Files (x86)\Microsoft Visual Studio 11.0\Common7\Tools\	windir=C:\WINDOWSTSynLog 1.18.3675 FTS3 2017-05-28T02:08:5020170528 02085021  !  +    SynSQLite3.TSQLDatabase(0299A7B8).DBOpen 
20170528 02085021  ! DB    	SynSQLite3.TSQLDatabase(0299A7B8) ":memory:" database file opened with PageSize=4096 and CacheSize=-2000
20170528 02085021  !  -    00.000.446
20170528 02085021  ! SQL   SynSQLite3.TSQLDatabase(0299A7B8) 39us  returned 0 rows SELECT name FROM sqlite_master WHERE type='table' AND name NOT LIKE 'sqlite_%';
20170528 02085021  ! DB    mORMotSQLite3.TSQLRestServerDB(028B3230) CreateMissingTables on {"TSQLDatabase(0299A7B8)":{"FileName":":memory:","IsMemory":true,"UseCache":true,"TransactionActive":false,"BusyTimeout":0,"CacheSize":-2000,"PageSize":4096,"PageCount":0,"FileSize":0,"WALMode":false,"Synchronous":"smFull","LockingMode":"lmNormal","MemoryMappedMB":0,"user_version":0,"OpenV2Flags":6,"BackupBackgroundInProcess":false,"BackupBackgroundLastTime":"","BackupBackgroundLastFileName":"","SQLite3Library":{"TSQLite3LibraryStatic(028E2560)":{"Version":"3.18.0 with internal MM"}}}}
20170528 02085021  ! DB    mORMotSQLite3.TSQLRestServerDB(028B3230) "GetTables":[]
20170528 02085021  ! SQL   SynSQLite3.TSQLDatabase(0299A7B8) 6us  BEGIN TRANSACTION;
20170528 02085021  !  +    mORMotDB.TSQLRestStorageExternal(02EE1480).Create TPerson
20170528 02085021  ! info  	mORMotDB.TSQLRestStorageExternal(02EE1480) TPerson {"TSQLDBFireDACConnectionProperties(028E98C0)":{"Engine":"FireDAC","ServerName":"IB","DatabaseNameSafe":"/fbdb/sam.fdb","UserID":"SYSDBA","DBMS":"dFirebird","DBMSEngineName":"Firebird","BatchSendingAbilities":["cCreate","cUpdate","cDelete"],"BatchMaxSentAtOnce":4096,"LoggedSQLMaxSize":0,"LogSQLStatementOnException":false,"ForcedSchemaName":"","UseCache":true,"RollbackOnDisconnect":true,"StoreVoidStringAsNull":false}} Server={"TSQLRestServerDB(028B3230)":{"DB":{"TSQLDatabase(0299A7B8)":{"FileName":":memory:","IsMemory":true,"UseCache":true,"TransactionActive":true,"BusyTimeout":0,"CacheSize":-2000,"PageSize":4096,"PageCount":1,"FileSize":4096,"WALMode":false,"Synchronous":"smFull","LockingMode":"lmNormal","MemoryMappedMB":0,"user_version":0,"OpenV2Flags":6,"BackupBackgroundInProcess":false,"BackupBackgroundLastTime":"","BackupBackgroundLastFileName":"","SQLite3Library":{"TSQLite3LibraryStatic(028E2560)":{"Version":"3.18.0 with internal MM"}}}},"StatementLastException":"","NoAJAXJSON":false,"Options":[],"HandleAuthentication":false,"BypassORMAuthentication":[],"Stats":{"StartDate":"2017-05-28 02:08:50","Success":0,"ServiceMethod":0,"ServiceInterface":0,"OutcomingFiles":0,"CurrentThreadCount":0,"Created":0,"Read":0,"Updated":0,"Deleted":0,"ClientsCurrent":0,"ClientsMax":0,"CurrentRequestCount":0,"Input":{"Bytes":0,"Text":"0 B"},"Output":{"Bytes":0,"Text":"0 B"},"InputThroughput":{"BytesPerSec":0,"Text":"0 B/s"},"OutputThroughput":{"BytesPerSec":0,"Text":"0 B/s"},"Processing":false,"TaskCount":0,"TotalTime":{"MicroSec":0,"Text":"0us"},"LastTime":{"MicroSec":0,"Text":"0us"},"MinimalTime":{"MicroSec":0,"Text":"0us"},"AverageTime":{"MicroSec":0,"Text":"0us"},"MaximalTime":{"MicroSec":0,"Text":"0us"},"PerSec":0,"Errors":0,"LastError":null},"StatLevels":["mlTables","mlMethods","mlInterfaces","mlSQLite3"],"StaticVirtualTableDirect":true,"ServerTimeStamp":135378903602}}
20170528 02085028  ! debug 	mORMotDB.TSQLRestStorageExternal(02EE1480) "GetFields":[]
20170528 02085028  !  +    	SynDBFireDAC.TSQLDBFireDACStatement(028BC610).00793D83 
20170528 02085028  !  -    	00.000.056
20170528 02085028  !  +    	SynDBFireDAC.TSQLDBFireDACStatement(028BC610).00793F39 
20170528 02085028  ! SQL   		SynDBFireDAC.TSQLDBFireDACStatement(028BC610) CREATE TABLE Person (ID BIGINT NOT NULL PRIMARY KEY,Name VARCHAR(80) CHARACTER SET UTF8)
20170528 02085032  !  -    	00.058.148
20170528 02085036  ! debug 	mORMotDB.TSQLRestStorageExternal(02EE1480) "GetFields":[{"ColumnName":"ID","ColumnTypeNative":"NUMERIC","ColumnLength":0,"ColumnPrecision":0,"ColumnScale":0,"ColumnType":"ftInt64","ColumnIndexed":true},{"ColumnName":"NAME","ColumnTypeNative":"VARCHAR","ColumnLength":80,"ColumnPrecision":0,"ColumnScale":0,"ColumnType":"ftUTF8","ColumnIndexed":false}]
20170528 02085036  !  -    00.240.075
20170528 02085036  ! SQL   SynSQLite3.TSQLDatabase(0299A7B8) 240.34ms  CREATE VIRTUAL TABLE Person USING External(Name TEXT COLLATE SYSTEMNOCASE);
20170528 02085036  !  +    SynDBFireDAC.TSQLDBFireDACStatement(028BC610).00793D83 
20170528 02085036  !  -    00.000.053
20170528 02085036  !  +    SynDBFireDAC.TSQLDBFireDACStatement(028BC610).00793F39 
20170528 02085036  ! SQL   	SynDBFireDAC.TSQLDBFireDACStatement(028BC610) select first 1 ID from Person
20170528 02085038  !  -    00.039.201
20170528 02085038  !  +    SynDBFireDAC.TSQLDBFireDACStatement(028BC7B0).00793D83 
20170528 02085038  !  -    00.000.056
20170528 02085038  !  +    SynDBFireDAC.TSQLDBFireDACStatement(028BC7B0).00793F39 
20170528 02085038  ! SQL   	SynDBFireDAC.TSQLDBFireDACStatement(028BC7B0) CREATE UNIQUE DESC INDEX NDXPersonID ON Person(ID)
20170528 02085040  !  -    00.028.702
20170528 02085040  ! SQL   SynSQLite3.TSQLDatabase(0299A7B8) 44us  COMMIT TRANSACTION;
20170528 02085040  !  +    mORMotHttpServer.TSQLHttpServer(02EE8A30).Create useHttpApiRegisteringURI (secNone) on port 888
20170528 02085040  ! http  	mORMotHttpServer.TSQLHttpServer(02EE8A30) http.sys registration of http://+:888/root
20170528 02085040  " info  SetThreadName 00000A88=TSQLHttpServer 888/root THttpApiServer
20170528 02085040  " trace mORMotSQLite3.TSQLRestServerDB(028B3230) BeginCurrentThread(THttpApiServer) root=root ThreadID=00000A88 ThreadCount=1
20170528 02085040  # info  SetThreadName 00000A84=TSQLHttpServer 888/root THttpApiServer
20170528 02085040  # trace mORMotSQLite3.TSQLRestServerDB(028B3230) BeginCurrentThread(THttpApiServer) root=root ThreadID=00000A84 ThreadCount=2
20170528 02085040  $ info  SetThreadName 00001FF8=TSQLHttpServer 888/root THttpApiServer
20170528 02085040  $ trace mORMotSQLite3.TSQLRestServerDB(028B3230) BeginCurrentThread(THttpApiServer) root=root ThreadID=00001FF8 ThreadCount=3
20170528 02085040  % info  SetThreadName 000025C4=TSQLHttpServer 888/root THttpApiServer
20170528 02085040  % trace mORMotSQLite3.TSQLRestServerDB(028B3230) BeginCurrentThread(THttpApiServer) root=root ThreadID=000025C4 ThreadCount=4
20170528 02085040  & info  SetThreadName 000000D4=TSQLHttpServer 888/root THttpApiServer
20170528 02085040  & trace mORMotSQLite3.TSQLRestServerDB(028B3230) BeginCurrentThread(THttpApiServer) root=root ThreadID=000000D4 ThreadCount=5
20170528 02085040  ' info  SetThreadName 00001090=TSQLHttpServer 888/root THttpApiServer
20170528 02085040  ' trace mORMotSQLite3.TSQLRestServerDB(028B3230) BeginCurrentThread(THttpApiServer) root=root ThreadID=00001090 ThreadCount=6
20170528 02085040  ( info  SetThreadName 000031A4=TSQLHttpServer 888/root THttpApiServer
20170528 02085040  ( trace mORMotSQLite3.TSQLRestServerDB(028B3230) BeginCurrentThread(THttpApiServer) root=root ThreadID=000031A4 ThreadCount=7
20170528 02085040  ) info  SetThreadName 00003038=TSQLHttpServer 888/root THttpApiServer
20170528 02085040  ) trace mORMotSQLite3.TSQLRestServerDB(028B3230) BeginCurrentThread(THttpApiServer) root=root ThreadID=00003038 ThreadCount=8
20170528 02085040  * info  SetThreadName 00002D4C=TSQLHttpServer 888/root THttpApiServer
20170528 02085040  * trace mORMotSQLite3.TSQLRestServerDB(028B3230) BeginCurrentThread(THttpApiServer) root=root ThreadID=00002D4C ThreadCount=9
20170528 02085040  + info  SetThreadName 000024B8=TSQLHttpServer 888/root THttpApiServer
20170528 02085040  + trace mORMotSQLite3.TSQLRestServerDB(028B3230) BeginCurrentThread(THttpApiServer) root=root ThreadID=000024B8 ThreadCount=10
20170528 02085040  , info  SetThreadName 00002D38=TSQLHttpServer 888/root THttpApiServer
20170528 02085040  , trace mORMotSQLite3.TSQLRestServerDB(028B3230) BeginCurrentThread(THttpApiServer) root=root ThreadID=00002D38 ThreadCount=11
20170528 02085040  - info  SetThreadName 00001404=TSQLHttpServer 888/root THttpApiServer
20170528 02085040  - trace mORMotSQLite3.TSQLRestServerDB(028B3230) BeginCurrentThread(THttpApiServer) root=root ThreadID=00001404 ThreadCount=12
20170528 02085040  . info  SetThreadName 000028FC=TSQLHttpServer 888/root THttpApiServer
20170528 02085040  . trace mORMotSQLite3.TSQLRestServerDB(028B3230) BeginCurrentThread(THttpApiServer) root=root ThreadID=000028FC ThreadCount=13
20170528 02085040  / info  SetThreadName 00002038=TSQLHttpServer 888/root THttpApiServer
20170528 02085040  / trace mORMotSQLite3.TSQLRestServerDB(028B3230) BeginCurrentThread(THttpApiServer) root=root ThreadID=00002038 ThreadCount=14
20170528 02085040  0 info  SetThreadName 000030A8=TSQLHttpServer 888/root THttpApiServer
20170528 02085040  0 trace mORMotSQLite3.TSQLRestServerDB(028B3230) BeginCurrentThread(THttpApiServer) root=root ThreadID=000030A8 ThreadCount=15
20170528 02085040  1 info  SetThreadName 00003228=TSQLHttpServer 888/root THttpApiServer
20170528 02085040  1 trace mORMotSQLite3.TSQLRestServerDB(028B3230) BeginCurrentThread(THttpApiServer) root=root ThreadID=00003228 ThreadCount=16
20170528 02085040  ! http  	mORMotHttpServer.TSQLHttpServer(02EE8A30) {"THttpApiServer(028CD620)":{"Cloned":false,"RegisteredUrl":"http://+:888/root/","HTTPQueueLength":1000,"MaxBandwidth":-1,"MaxConnections":-1,"APIVersion":"HTTP API 2.0","ServerName":"mORMot (Windows)","ProcessName":"root "}} initialized for root
20170528 02085040  !  -    00.007.303
20170528 02085040  2 info  SetThreadName 00002794=TSQLHttpServer 888/root THttpApiServer
20170528 02085040  2 trace mORMotSQLite3.TSQLRestServerDB(028B3230) BeginCurrentThread(THttpApiServer) root=root ThreadID=00002794 ThreadCount=17
20170528 02085041  3 info  SetThreadName 0000210C=TSQLHttpServer 888/root THttpApiServer
20170528 02085041  3 trace mORMotSQLite3.TSQLRestServerDB(028B3230) BeginCurrentThread(THttpApiServer) root=root ThreadID=0000210C ThreadCount=18
20170528 02085041  4 info  SetThreadName 00000744=TSQLHttpServer 888/root THttpApiServer
20170528 02085041  4 trace mORMotSQLite3.TSQLRestServerDB(028B3230) BeginCurrentThread(THttpApiServer) root=root ThreadID=00000744 ThreadCount=19
20170528 02085041  5 info  SetThreadName 00002414=TSQLHttpServer 888/root THttpApiServer
20170528 02085041  5 trace mORMotSQLite3.TSQLRestServerDB(028B3230) BeginCurrentThread(THttpApiServer) root=root ThreadID=00002414 ThreadCount=20
20170528 02085041  6 info  SetThreadName 00003704=TSQLHttpServer 888/root THttpApiServer
20170528 02085041  6 trace mORMotSQLite3.TSQLRestServerDB(028B3230) BeginCurrentThread(THttpApiServer) root=root ThreadID=00003704 ThreadCount=21
20170528 02085041  7 info  SetThreadName 00001DB8=TSQLHttpServer 888/root THttpApiServer
20170528 02085041  7 trace mORMotSQLite3.TSQLRestServerDB(028B3230) BeginCurrentThread(THttpApiServer) root=root ThreadID=00001DB8 ThreadCount=22
20170528 02085041  8 info  SetThreadName 000034D4=TSQLHttpServer 888/root THttpApiServer
20170528 02085041  8 trace mORMotSQLite3.TSQLRestServerDB(028B3230) BeginCurrentThread(THttpApiServer) root=root ThreadID=000034D4 ThreadCount=23
20170528 02085041  9 info  SetThreadName 00002480=TSQLHttpServer 888/root THttpApiServer
20170528 02085041  9 trace mORMotSQLite3.TSQLRestServerDB(028B3230) BeginCurrentThread(THttpApiServer) root=root ThreadID=00002480 ThreadCount=24
20170528 02085041  : info  SetThreadName 000034BC=TSQLHttpServer 888/root THttpApiServer
20170528 02085041  : trace mORMotSQLite3.TSQLRestServerDB(028B3230) BeginCurrentThread(THttpApiServer) root=root ThreadID=000034BC ThreadCount=25
20170528 02085041  ; info  SetThreadName 0000126C=TSQLHttpServer 888/root THttpApiServer
20170528 02085041  ; trace mORMotSQLite3.TSQLRestServerDB(028B3230) BeginCurrentThread(THttpApiServer) root=root ThreadID=0000126C ThreadCount=26
20170528 02085041  < info  SetThreadName 00002910=TSQLHttpServer 888/root THttpApiServer
20170528 02085041  < trace mORMotSQLite3.TSQLRestServerDB(028B3230) BeginCurrentThread(THttpApiServer) root=root ThreadID=00002910 ThreadCount=27
20170528 02085041  = info  SetThreadName 00002F94=TSQLHttpServer 888/root THttpApiServer
20170528 02085041  = trace mORMotSQLite3.TSQLRestServerDB(028B3230) BeginCurrentThread(