C:\LIB\DELPHI_LIB\mORMot_BerlinUpd1\SQLite3\Samples\28 - Simple RESTful ORM Server\RESTserver.exe 0.0.0.0 (2017-05-28 09:44:58)Host=JONIT440P User=xchinjo CPU=4*9-6-15363:FFFBEBBFFFFBFA7FAB27000000 OS=15.0=6.2.9200 Wow64=1 Freq=2825501Environment variables=ALLUSERSPROFILE=C:\ProgramData	APPDATA=C:\Users\xchinjo\AppData\Roaming	BDS=c:\program files (x86)\embarcadero\studio\19.0	BDSAppDataBaseDir=BDS	BDSBIN=c:\program files (x86)\embarcadero\studio\19.0\bin	BDSCatalogRepository=C:\Users\xchinjo\Documents\Embarcadero\Studio\19.0\CatalogRepository	BDSCatalogRepositoryAllUsers=C:\Users\Public\Documents\Embarcadero\Studio\19.0\CatalogRepository	BDSCOMMONDIR=C:\Users\Public\Documents\Embarcadero\Studio\19.0	BDSINCLUDE=c:\program files (x86)\embarcadero\studio\19.0\include	BDSLIB=c:\program files (x86)\embarcadero\studio\19.0\lib	BDSPLATFORMSDKSDIR=C:\Users\xchinjo\Documents\Embarcadero\Studio\SDKs	BDSPROFILESDIR=C:\Users\xchinjo\Documents\Embarcadero\Studio\Profiles	BDSPROJECTSDIR=C:\Users\xchinjo\Documents\Embarcadero\Studio\Projects	BDSUSERDIR=C:\Users\xchinjo\Documents\Embarcadero\Studio\19.0	CommonProgramFiles=C:\Program Files (x86)\Common Files	CommonProgramFiles(x86)=C:\Program Files (x86)\Common Files	CommonProgramW6432=C:\Program Files\Common Files	COMPUTERNAME=JONIT440P	ComSpec=C:\WINDOWS\system32\cmd.exe	DELPHI=c:\program files (x86)\embarcadero\studio\19.0	DEMOSDIR=C:\Users\Public\Documents\Embarcadero\Studio\19.0\Samples\	ESET_OPTIONS=                                                                                                                                                                                                                                                                                                                                                                                                                                                                                                                               	FMSoft=C:\Program Files (x86)\FMSoft\Framework	FPS_BROWSER_APP_PROFILE_STRING=Internet Explorer	FPS_BROWSER_USER_PROFILE_STRING=Default	HOMEDRIVE=C:	HOMEPATH=\Users\xchinjo	IBREDISTDIR=C:\Users\Public\Documents\Embarcadero\InterBase\redist\InterBaseXE7	LOCALAPPDATA=C:\Users\xchinjo\AppData\Local	LOGONSERVER=\\JONIT440P	NLS_LANG=THAI_THAILAND.TH8TISASCII	NUMBER_OF_PROCESSORS=4	OneDrive=C:\Users\xchinjo\OneDrive	ORACLE_HOME=D:\app\xchinjo\product\11.2.0\dbhome_1	OS=Windows_NT	Path=C:\Users\Public\Documents\Embarcadero\InterBase\redist\InterBaseXE7\IDE_spoof;C:\Program Files (x86)\Embarcadero\Studio\19.0\bin;C:\Users\Public\Documents\Embarcadero\Studio\19.0\Bpl;C:\Program Files (x86)\Embarcadero\Studio\19.0\bin64;C:\Users\Public\Documents\Embarcadero\Studio\19.0\Bpl\Win64;C:\Program Files (x86)\Embarcadero\Studio\19.0\bin;C:\Users\Public\Documents\Embarcadero\Studio\19.0\Bpl;D:\Oracle\OracleInstantClient;C:\ProgramData\Oracle\Java\javapath;C:\Program Files (x86)\Embarcadero\Studio\18.0\bin;C:\Users\Public\Documents\Embarcadero\Studio\18.0\Bpl;C:\Program Files (x86)\Embarcadero\Studio\18.0\bin64;C:\Users\Public\Documents\Embarcadero\Studio\18.0\Bpl\Win64;C:\Program Files (x86)\Embarcadero\Studio\17.0\bin;C:\Users\Public\Documents\Embarcadero\Studio\17.0\Bpl;C:\Program Files (x86)\Embarcadero\Studio\17.0\bin64;C:\Users\Public\Documents\Embarcadero\Studio\17.0\Bpl\Win64;C:\Program Files (x86)\Embarcadero\Studio\15.0\bin;C:\Users\Public\Documents\Embarcadero\Studio\15.0\Bpl;C:\Program Files (x86)\Embarcadero\Studio\15.0\bin64;C:\Users\Public\Documents\Embarcadero\Studio\15.0\Bpl\Win64;C:\Program Files (x86)\Embarcadero\RAD Studio\12.0\bin;C:\Users\Public\Documents\RAD Studio\12.0\Bpl;C:\Program Files (x86)\Embarcadero\RAD Studio\12.0\bin64;C:\Users\Public\Documents\RAD Studio\12.0\Bpl\Win64;C:\Program Files (x86)\Embarcadero\RAD Studio\9.0\bin;C:\Users\Public\Documents\RAD Studio\9.0\Bpl;C:\Program Files (x86)\Embarcadero\RAD Studio\9.0\bin64;C:\Users\Public\Documents\RAD Studio\9.0\Bpl\Win64;C:\Program Files (x86)\Borland\Delphi7\Bin;C:\Program Files (x86)\Borland\Delphi7\Projects\Bpl\;C:\WINDOWS\system32;C:\WINDOWS;C:\WINDOWS\System32\Wbem;C:\WINDOWS\System32\WindowsPowerShell\v1.0\;C:\Program Files\OpenVPN\bin;C:\Program Files (x86)\Common Files\Tom Sawyer Software\8.0.0;C:\Program Files\TortoiseSVN\bin;C:\Program Files\Microsoft SQL Server\110\DTS\Binn\;C:\Program Files (x86)\Microsoft SQL Server\110\Tools\Binn\;C:\Program Files\Microsoft SQL Server\110\Tools\Binn\;C:\Program Files (x86)\Microsoft SQL Server\110\Tools\Binn\ManagementStudio\;C:\Program Files (x86)\Microsoft Visual Studio 10.0\Common7\IDE\PrivateAssemblies\;C:\Program Files (x86)\Microsoft SQL Server\110\DTS\Binn\;C:\Program Files\TortoiseGit\bin;C:\Program Files\Git\cmd;C:\Program Files (x86)\Skype\Phone\;C:\Program Files\CMake\bin;C:\Program Files\Intel\WiFi\bin\;C:\Program Files\Common Files\Intel\WirelessCommon\;C:\Program Files (x86)\Em	PATHEXT=.COM;.EXE;.BAT;.CMD;.VBS;.VBE;.JS;.JSE;.WSF;.WSH;.MSC	PROCESSOR_ARCHITECTURE=x86	PROCESSOR_ARCHITEW6432=AMD64	PROCESSOR_IDENTIFIER=Intel64 Family 6 Model 60 Stepping 3, GenuineIntel	PROCESSOR_LEVEL=6	PROCESSOR_REVISION=3c03	ProductVersion=19.0	ProgramData=C:\ProgramData	ProgramFiles=C:\Program Files (x86)	ProgramFiles(x86)=C:\Program Files (x86)	ProgramW6432=C:\Program Files	PSModulePath=C:\Program Files\WindowsPowerShell\Modules;C:\WINDOWS\system32\WindowsPowerShell\v1.0\Modules;C:\Program Files (x86)\Microsoft SQL Server\110\Tools\PowerShell\Modules\	PUBLIC=C:\Users\Public	SEE_MASK_NOZONECHECKS=1	SystemDrive=C:	SystemRoot=C:\WINDOWS	TEMP=C:\Users\xchinjo\AppData\Local\Temp	TMP=D:\Temp\Data	TNS_ADMIN=D:\Oracle\OracleInstantClient	TVT=C:\Program Files (x86)\Lenovo	USERDOMAIN=JONIT440P	USERDOMAIN_ROAMINGPROFILE=JONIT440P	USERNAME=xchinjo	USERPROFILE=C:\Users\xchinjo	VS110COMNTOOLS=C:\Program Files (x86)\Microsoft Visual Studio 11.0\Common7\Tools\	windir=C:\WINDOWS	__COMPAT_LAYER=RunAsAdminTSynLog 1.18.3675 FTS3 2017-05-28T02:45:3220170528 02453217  !  +    SynSQLite3.TSQLDatabase(029BA7B8).DBOpen 
20170528 02453217  ! DB    	SynSQLite3.TSQLDatabase(029BA7B8) ":memory:" database file opened with PageSize=4096 and CacheSize=-2000
20170528 02453217  !  -    00.000.258
20170528 02453217  ! SQL   SynSQLite3.TSQLDatabase(029BA7B8) 31us  returned 0 rows SELECT name FROM sqlite_master WHERE type='table' AND name NOT LIKE 'sqlite_%';
20170528 02453217  ! DB    mORMotSQLite3.TSQLRestServerDB(028D3230) CreateMissingTables on {"TSQLDatabase(029BA7B8)":{"FileName":":memory:","IsMemory":true,"UseCache":true,"TransactionActive":false,"BusyTimeout":0,"CacheSize":-2000,"PageSize":4096,"PageCount":0,"FileSize":0,"WALMode":false,"Synchronous":"smFull","LockingMode":"lmNormal","MemoryMappedMB":0,"user_version":0,"OpenV2Flags":6,"BackupBackgroundInProcess":false,"BackupBackgroundLastTime":"","BackupBackgroundLastFileName":"","SQLite3Library":{"TSQLite3LibraryStatic(02902560)":{"Version":"3.18.0 with internal MM"}}}}
20170528 02453217  ! DB    mORMotSQLite3.TSQLRestServerDB(028D3230) "GetTables":[]
20170528 02453217  ! SQL   SynSQLite3.TSQLDatabase(029BA7B8) 3us  BEGIN TRANSACTION;
20170528 02453217  !  +    mORMotDB.TSQLRestStorageExternal(02F21480).Create TPerson
20170528 02453217  ! info  	mORMotDB.TSQLRestStorageExternal(02F21480) TPerson {"TSQLDBFireDACConnectionProperties(029098C0)":{"Engine":"FireDAC","ServerName":"IB","DatabaseNameSafe":"/fbdb/sam.fdb","UserID":"SYSDBA","DBMS":"dFirebird","DBMSEngineName":"Firebird","BatchSendingAbilities":["cCreate","cUpdate","cDelete"],"BatchMaxSentAtOnce":4096,"LoggedSQLMaxSize":0,"LogSQLStatementOnException":false,"ForcedSchemaName":"","UseCache":true,"RollbackOnDisconnect":true,"StoreVoidStringAsNull":false}} Server={"TSQLRestServerDB(028D3230)":{"DB":{"TSQLDatabase(029BA7B8)":{"FileName":":memory:","IsMemory":true,"UseCache":true,"TransactionActive":true,"BusyTimeout":0,"CacheSize":-2000,"PageSize":4096,"PageCount":1,"FileSize":4096,"WALMode":false,"Synchronous":"smFull","LockingMode":"lmNormal","MemoryMappedMB":0,"user_version":0,"OpenV2Flags":6,"BackupBackgroundInProcess":false,"BackupBackgroundLastTime":"","BackupBackgroundLastFileName":"","SQLite3Library":{"TSQLite3LibraryStatic(02902560)":{"Version":"3.18.0 with internal MM"}}}},"StatementLastException":"","NoAJAXJSON":false,"Options":[],"HandleAuthentication":false,"BypassORMAuthentication":[],"Stats":{"StartDate":"2017-05-28 02:45:32","Success":0,"ServiceMethod":0,"ServiceInterface":0,"OutcomingFiles":0,"CurrentThreadCount":0,"Created":0,"Read":0,"Updated":0,"Deleted":0,"ClientsCurrent":0,"ClientsMax":0,"CurrentRequestCount":0,"Input":{"Bytes":0,"Text":"0 B"},"Output":{"Bytes":0,"Text":"0 B"},"InputThroughput":{"BytesPerSec":0,"Text":"0 B/s"},"OutputThroughput":{"BytesPerSec":0,"Text":"0 B/s"},"Processing":false,"TaskCount":0,"TotalTime":{"MicroSec":0,"Text":"0us"},"LastTime":{"MicroSec":0,"Text":"0us"},"MinimalTime":{"MicroSec":0,"Text":"0us"},"AverageTime":{"MicroSec":0,"Text":"0us"},"MaximalTime":{"MicroSec":0,"Text":"0us"},"PerSec":0,"Errors":0,"LastError":null},"StatLevels":["mlTables","mlMethods","mlInterfaces","mlSQLite3"],"StaticVirtualTableDirect":true,"ServerTimeStamp":135378905952}}
20170528 02453224  ! debug 	mORMotDB.TSQLRestStorageExternal(02F21480) "GetFields":[{"ColumnName":"ID","ColumnTypeNative":"NUMERIC","ColumnLength":0,"ColumnPrecision":0,"ColumnScale":0,"ColumnType":"ftInt64","ColumnIndexed":true},{"ColumnName":"NAME","ColumnTypeNative":"VARCHAR","ColumnLength":80,"ColumnPrecision":0,"ColumnScale":0,"ColumnType":"ftUTF8","ColumnIndexed":false}]
20170528 02453224  !  -    00.110.778
20170528 02453224  ! SQL   SynSQLite3.TSQLDatabase(029BA7B8) 111.01ms  CREATE VIRTUAL TABLE Person USING External(Name TEXT COLLATE SYSTEMNOCASE);
20170528 02453224  !  +    SynDBFireDAC.TSQLDBFireDACStatement(028DC610).00793D83 
20170528 02453224  !  -    00.000.071
20170528 02453224  !  +    SynDBFireDAC.TSQLDBFireDACStatement(028DC610).00793F39 
20170528 02453224  ! SQL   	SynDBFireDAC.TSQLDBFireDACStatement(028DC610) select first 1 ID from Person
20170528 02453226  !  -    00.038.858
20170528 02453226  ! SQL   SynSQLite3.TSQLDatabase(029BA7B8) 46us  COMMIT TRANSACTION;
20170528 02453226  !  +    mORMotHttpServer.TSQLHttpServer(02F28A30).Create useHttpApiRegisteringURI (secNone) on port 888
20170528 02453226  ! http  	mORMotHttpServer.TSQLHttpServer(02F28A30) http.sys registration of http://+:888/root
20170528 02453226  " info  SetThreadName 0000328C=TSQLHttpServer 888/root THttpApiServer
20170528 02453226  " trace mORMotSQLite3.TSQLRestServerDB(028D3230) BeginCurrentThread(THttpApiServer) root=root ThreadID=0000328C ThreadCount=1
20170528 02453226  # info  SetThreadName 00003728=TSQLHttpServer 888/root THttpApiServer
20170528 02453226  # trace mORMotSQLite3.TSQLRestServerDB(028D3230) BeginCurrentThread(THttpApiServer) root=root ThreadID=00003728 ThreadCount=2
20170528 02453226  $ info  SetThreadName 00002384=TSQLHttpServer 888/root THttpApiServer
20170528 02453226  $ trace mORMotSQLite3.TSQLRestServerDB(028D3230) BeginCurrentThread(THttpApiServer) root=root ThreadID=00002384 ThreadCount=3
20170528 02453226  % info  SetThreadName 00003640=TSQLHttpServer 888/root THttpApiServer
20170528 02453226  % trace mORMotSQLite3.TSQLRestServerDB(028D3230) BeginCurrentThread(THttpApiServer) root=root ThreadID=00003640 ThreadCount=4
20170528 02453226  & info  SetThreadName 00002100=TSQLHttpServer 888/root THttpApiServer
20170528 02453226  & trace mORMotSQLite3.TSQLRestServerDB(028D3230) BeginCurrentThread(THttpApiServer) root=root ThreadID=00002100 ThreadCount=5
20170528 02453226  ' info  SetThreadName 00001B7C=TSQLHttpServer 888/root THttpApiServer
20170528 02453226  ' trace mORMotSQLite3.TSQLRestServerDB(028D3230) BeginCurrentThread(THttpApiServer) root=root ThreadID=00001B7C ThreadCount=6
20170528 02453226  ( info  SetThreadName 000016E0=TSQLHttpServer 888/root THttpApiServer
20170528 02453226  ( trace mORMotSQLite3.TSQLRestServerDB(028D3230) BeginCurrentThread(THttpApiServer) root=root ThreadID=000016E0 ThreadCount=7
20170528 02453226  ) info  SetThreadName 00002948=TSQLHttpServer 888/root THttpApiServer
20170528 02453226  ) trace mORMotSQLite3.TSQLRestServerDB(028D3230) BeginCurrentThread(THttpApiServer) root=root ThreadID=00002948 ThreadCount=8
20170528 02453226  * info  SetThreadName 00001D20=TSQLHttpServer 888/root THttpApiServer
20170528 02453226  * trace mORMotSQLite3.TSQLRestServerDB(028D3230) BeginCurrentThread(THttpApiServer) root=root ThreadID=00001D20 ThreadCount=9
20170528 02453226  + info  SetThreadName 000027F0=TSQLHttpServer 888/root THttpApiServer
20170528 02453226  + trace mORMotSQLite3.TSQLRestServerDB(028D3230) BeginCurrentThread(THttpApiServer) root=root ThreadID=000027F0 ThreadCount=10
20170528 02453226  , info  SetThreadName 000007A8=TSQLHttpServer 888/root THttpApiServer
20170528 02453226  , trace mORMotSQLite3.TSQLRestServerDB(028D3230) BeginCurrentThread(THttpApiServer) root=root ThreadID=000007A8 ThreadCount=11
20170528 02453226  - info  SetThreadName 00002AD8=TSQLHttpServer 888/root THttpApiServer
20170528 02453226  - trace mORMotSQLite3.TSQLRestServerDB(028D3230) BeginCurrentThread(THttpApiServer) root=root ThreadID=00002AD8 ThreadCount=12
20170528 02453226  . info  SetThreadName 00002564=TSQLHttpServer 888/root THttpApiServer
20170528 02453226  . trace mORMotSQLite3.TSQLRestServerDB(028D3230) BeginCurrentThread(THttpApiServer) root=root ThreadID=00002564 ThreadCount=13
20170528 02453226  / info  SetThreadName 00003230=TSQLHttpServer 888/root THttpApiServer
20170528 02453226  / trace mORMotSQLite3.TSQLRestServerDB(028D3230) BeginCurrentThread(THttpApiServer) root=root ThreadID=00003230 ThreadCount=14
20170528 02453226  0 info  SetThreadName 000025FC=TSQLHttpServer 888/root THttpApiServer
20170528 02453226  0 trace mORMotSQLite3.TSQLRestServerDB(028D3230) BeginCurrentThread(THttpApiServer) root=root ThreadID=000025FC ThreadCount=15
20170528 02453226  1 info  SetThreadName 000032EC=TSQLHttpServer 888/root THttpApiServer
20170528 02453226  1 trace mORMotSQLite3.TSQLRestServerDB(028D3230) BeginCurrentThread(THttpApiServer) root=root ThreadID=000032EC ThreadCount=16
20170528 02453226  2 info  SetThreadName 00002454=TSQLHttpServer 888/root THttpApiServer
20170528 02453226  2 trace mORMotSQLite3.TSQLRestServerDB(028D3230) BeginCurrentThread(THttpApiServer) root=root ThreadID=00002454 ThreadCount=17
20170528 02453226  ! http  	mORMotHttpServer.TSQLHttpServer(02F28A30) {"THttpApiServer(028ED620)":{"Cloned":false,"RegisteredUrl":"http://+:888/root/","HTTPQueueLength":1000,"MaxBandwidth":-1,"MaxConnections":-1,"APIVersion":"HTTP API 2.0","ServerName":"mORMot (Windows)","ProcessName":"root "}} initialized for root
20170528 02453226  !  -    00.008.082
20170528 02453226  3 info  SetThreadName 00001DB0=TSQLHttpServer 888/root THttpApiServer
20170528 02453226  3 trace mORMotSQLite3.TSQLRestServerDB(028D3230) BeginCurrentThread(THttpApiServer) root=root ThreadID=00001DB0 ThreadCount=18
20170528 02453226  4 info  SetThreadName 0000293C=TSQLHttpServer 888/root THttpApiServer
20170528 02453226  4 trace mORMotSQLite3.TSQLRestServerDB(028D3230) BeginCurrentThread(THttpApiServer) root=root ThreadID=0000293C ThreadCount=19
20170528 02453226  5 info  SetThreadName 00003648=TSQLHttpServer 888/root THttpApiServer
20170528 02453226  5 trace mORMotSQLite3.TSQLRestServerDB(028D3230) BeginCurrentThread(THttpApiServer) root=root ThreadID=00003648 ThreadCount=20
20170528 02453226  6 info  SetThreadName 0000371C=TSQLHttpServer 888/root THttpApiServer
20170528 02453226  6 trace mORMotSQLite3.TSQLRestServerDB(028D3230) BeginCurrentThread(THttpApiServer) root=root ThreadID=0000371C ThreadCount=21
20170528 02453226  7 info  SetThreadName 000020A8=TSQLHttpServer 888/root THttpApiServer
20170528 02453226  7 trace mORMotSQLite3.TSQLRestServerDB(028D3230) BeginCurrentThread(THttpApiServer) root=root ThreadID=000020A8 ThreadCount=22
20170528 02453226  8 info  SetThreadName 000004A8=TSQLHttpServer 888/root THttpApiServer
20170528 02453226  8 trace mORMotSQLite3.TSQLRestServerDB(028D3230) BeginCurrentThread(THttpApiServer) root=root ThreadID=000004A8 ThreadCount=23
20170528 02453227  9 info  SetThreadName 000029E4=TSQLHttpServer 888/root THttpApiServer
20170528 02453227  9 trace mORMotSQLite3.TSQLRestServerDB(028D3230) BeginCurrentThread(THttpApiServer) root=root ThreadID=000029E4 ThreadCount=24
20170528 02453227  : info  SetThreadName 000037EC=TSQLHttpServer 888/root THttpApiServer
20170528 02453227  : trace mORMotSQLite3.TSQLRestServerDB(028D3230) BeginCurrentThread(THttpApiServer) root=root ThreadID=000037EC ThreadCount=25
20170528 02453227  ; info  SetThreadName 000034C0=TSQLHttpServer 888/root THttpApiServer
20170528 02453227  ; trace mORMotSQLite3.TSQLRestServerDB(028D3230) BeginCurrentThread(THttpApiServer) root=root ThreadID=000034C0 ThreadCount=26
20170528 02453227  < info  SetThreadName 000007E4=TSQLHttpServer 888/root THttpApiServer
20170528 02453227  < trace mORMotSQLite3.TSQLRestServerDB(028D3230) BeginCurrentThread(THttpApiServer) root=root ThreadID=000007E4 ThreadCount=27
20170528 02453227  = info  SetThreadName 00003588=TSQLHttpServer 888/root THttpApiServer
20170528 02453227  = trace mORMotSQLite3.TSQLRestServerDB(028D3230) BeginCurrentThread(THttpApiServer) root=root ThreadID=00003588 ThreadCount=28
20170528 02453227  > info  SetThreadName 0000333C=TSQLHttpServer 888/root THttpApiServer
20170528 02453227  > trace mORMotSQLite3.TSQLRestServerDB(028D3230) BeginCurrentThread(THttpApiServer) root=root ThreadID=0000333C ThreadCount=29
20170528 02453227  ? info  SetThreadName 00003150=TSQLHttpServer 888/root THttpApiServer
20170528 02453227  ? trace mORMotSQLite3.TSQLRestServerDB(028D3230) BeginCurrentThread(THttpApiServer) root=root ThreadID=00003150 ThreadCount=30
20170528 02453227  @ info  SetThreadName 00003448=TSQLHttpServer 888/root THttpApiServer
20170528 02453227  @ trace mORMotSQLite3.TSQLRestServerDB(028D3230) BeginCurrentThread(THttpApiServer) root=root ThreadID=00003448 ThreadCount=31
20170528 02453227  A info  SetThreadName 0000218C=TSQLHttpServer 888/root THttpApiServer
20170528 02453227  A trace mORMotSQLite3.TSQLRestServerDB(028D3230) BeginCurrentThread(THttpApiServer) root=root ThreadID=0000218C ThreadCount=32
20170528 02453657  "  +    mORMotSQLite3.TSQLRestServerDB(028D3230).URI(GET root/TimeStamp inlen=0)
20170528 02453657  " call  	mORMotSQLite3.TSQLRestServerDB(028D3230) TimeStamp 
20170528 02453657  " srvr  	mORMotSQLite3.TSQLRestServerDB(028D3230)   GET root/TimeStamp SOA-Method -> 200 with outlen=12 in 40 us
20170528 02453657  " ret   	mORMotSQLite3.TSQLRestServerDB(028D3230) 135378905956
20170528 02453657  "  -    00.000.045
20170528 02453657  #  +    mORMotSQLite3.TSQLRestServerDB(028D3230).URI(LOCK root/Person/1 inlen=0)
20170528 02453657  B info  SetThreadName 000002D8=TSQLRestRoutingREST "root" execORMGet
20170528 02453657  B trace mORMotSQLite3.TSQLRestServerDB(028D3230) BeginCurrentThread(TSynBackgroundThreadMethod) root=root ThreadID=000002D8 ThreadCount=33
20170528 02453657  B  +    SynDBFireDAC.TSQLDBFireDACStatement(028DC7B0).00793D83 
20170528 02453657  B  +    	SynDBFireDAC.TSQLDBFireDACConnection(029BB728).Connect to DriverID=IB Database=/fbdb/sam.fdb
20170528 02453658  B  +    		SynDBFireDAC.TSQLDBFireDACStatement(028DC880).00793D83 
20170528 02453658  B  -    		00.000.747
20170528 02453658  B  +    		SynDBFireDAC.TSQLDBFireDACStatement(028DC880).00793F39 
20170528 02453658  B SQL   			SynDBFireDAC.TSQLDBFireDACStatement(028DC880) select current_timestamp from rdb$database
20170528 02453660  B  -    		00.025.588
20170528 02453660  B DB    		Connected to IB (/fbdb/sam.fdb)
20170528 02453660  B  -    	00.047.593
20170528 02453660  B  -    00.047.640
20170528 02453660  B  +    SynDBFireDAC.TSQLDBFireDACStatement(028DC7B0).00793F39 
20170528 02453660  B SQL   	SynDBFireDAC.TSQLDBFireDACStatement(028DC7B0) select ID,Name from Person where ID=1
20170528 02453700  B  -    00.036.570
20170528 02453700  # srvr  	mORMotSQLite3.TSQLRestServerDB(028D3230)   LOCK root/Person ORM-Get -> 200 with outlen=26 in 84674 us
20170528 02453700  #  -    00.084.704
20170528 02453700  $  +    mORMotSQLite3.TSQLRestServerDB(028D3230).URI(UNLOCK root/Person/1 inlen=0)
20170528 02453700  $ srvr  	mORMotSQLite3.TSQLRestServerDB(028D3230)   UNLOCK root/Person ORM-Get -> 200 with outlen=0 in 105 us
20170528 02453700  $  -    00.000.124
20170528 02474058  %  +    mORMotSQLite3.TSQLRestServerDB(028D3230).URI(GET root/TimeStamp inlen=0)
20170528 02474058  % call  	mORMotSQLite3.TSQLRestServerDB(028D3230) TimeStamp 
20170528 02474058  % srvr  	mORMotSQLite3.TSQLRestServerDB(028D3230)   GET root/TimeStamp SOA-Method -> 200 with outlen=12 in 26 us
20170528 02474058  % ret   	mORMotSQLite3.TSQLRestServerDB(028D3230) 135378906088
20170528 02474058  %  -    00.000.035
20170528 02474058  &  +    mORMotSQLite3.TSQLRestServerDB(028D3230).URI(LOCK root/Person/1 inlen=0)
20170528 02474058  B  +    SynDBFireDAC.TSQLDBFireDACStatement(028DC950).00793D83 
20170528 02474058  B  -    00.000.029
20170528 02474058  B  +    SynDBFireDAC.TSQLDBFireDACStatement(028DC950).00793F39 
20170528 02474058  B SQL   	SynDBFireDAC.TSQLDBFireDACStatement(028DC950) select ID,Name from Person where ID=1
20170528 02474060  B  -    00.020.903
20170528 02474060  & srvr  	mORMotSQLite3.TSQLRestServerDB(028D3230)   LOCK root/Person ORM-Get -> 200 with outlen=26 in 21060 us
20170528 02474060  &  -    00.021.070
20170528 02474060  '  +    mORMotSQLite3.TSQLRestServerDB(028D3230).URI(PUT root/Person/1 inlen=18)
20170528 02474060  B  +    SynDBFireDAC.TSQLDBFireDACStatement(028DCA20).00793D83 
20170528 02474060  B  -    00.000.064
20170528 02474060  B  +    SynDBFireDAC.TSQLDBFireDACStatement(028DCA20).00793F39 
20170528 02474060  B SQL   	SynDBFireDAC.TSQLDBFireDACStatement(028DCA20) update Person set Name='abcsoft' where ID=1
20170528 02474061  B  -    00.021.613
20170528 02474061  ' srvr  	mORMotSQLite3.TSQLRestServerDB(028D3230)   PUT root/Person ORM-Get -> 200 with outlen=0 in 21972 us
20170528 02474061  '  -    00.021.982
20170528 02474061  (  +    mORMotSQLite3.TSQLRestServerDB(028D3230).URI(UNLOCK root/Person/1 inlen=0)
20170528 02474061  ( srvr  	mORMotSQLite3.TSQLRestServerDB(028D3230)   UNLOCK root/Person ORM-Get -> 200 with outlen=0 in 87 us
20170528 02474061  (  -    00.000.093
20170528 02513017  )  +    mORMotSQLite3.TSQLRestServerDB(028D3230).URI(GET root/TimeStamp inlen=0)
20170528 02513017  ) call  	mORMotSQLite3.TSQLRestServerDB(028D3230) TimeStamp 
20170528 02513017  ) srvr  	mORMotSQLite3.TSQLRestServerDB(028D3230)   GET root/TimeStamp SOA-Method -> 200 with outlen=12 in 11 us
20170528 02513017  ) ret   	mORMotSQLite3.TSQLRestServerDB(028D3230) 135378906334
20170528 02513017  )  -    00.000.015
20170528 02513017  *  +    mORMotSQLite3.TSQLRestServerDB(028D3230).URI(LOCK root/Person/1 inlen=0)
20170528 02513017  B  +    SynDBFireDAC.TSQLDBFireDACStatement(028DC950).00793F39 
20170528 02513017  B SQL   	SynDBFireDAC.TSQLDBFireDACStatement(028DC950) select ID,Name from Person where ID=1
20170528 02513021  B  -    00.061.648
20170528 02513021  * srvr  	mORMotSQLite3.TSQLRestServerDB(028D3230)   LOCK root/Person ORM-Get -> 200 with outlen=25 in 61874 us
20170528 02513021  *  -    00.061.898
20170528 02513021  +  +    mORMotSQLite3.TSQLRestServerDB(028D3230).URI(PUT root/Person/1 inlen=18)
20170528 02513021  B  +    SynDBFireDAC.TSQLDBFireDACStatement(028DCA20).00793F39 
20170528 02513021  B SQL   	SynDBFireDAC.TSQLDBFireDACStatement(028DCA20) update Person set Name='abcsoft' where ID=1
20170528 02513023  B  -    00.022.001
20170528 02513023  + srvr  	mORMotSQLite3.TSQLRestServerDB(028D3230)   PUT root/Person ORM-Get -> 200 with outlen=0 in 22146 us
20170528 02513023  +  -    00.022.258
20170528 02513023  ,  +    mORMotSQLite3.TSQLRestServerDB(028D3230).URI(POST root/Person inlen=19)
20170528 02513023  B  +    SynDBFireDAC.TSQLDBFireDACStatement(028DCAF0).00793D83 
20170528 02513023  B  -    00.000.062
20170528 02513023  B  +    SynDBFireDAC.TSQLDBFireDACStatement(028DCAF0).00793F39 
20170528 02513023  B SQL   	SynDBFireDAC.TSQLDBFireDACStatement(028DCAF0) select max(ID) from Person
20170528 02513024  B  -    00.018.220
20170528 02513024  B  +    SynDBFireDAC.TSQLDBFireDACStatement(028DCBC0).00793D83 
20170528 02513024  B  -    00.000.098
20170528 02513024  B  +    SynDBFireDAC.TSQLDBFireDACStatement(028DCBC0).00793F39 
20170528 02513024  B SQL   	SynDBFireDAC.TSQLDBFireDACStatement(028DCBC0) insert into Person (ID,Name) values (2,'Name4933')
20170528 02513025  B  -    00.019.995
20170528 02513025  , srvr  	mORMotSQLite3.TSQLRestServerDB(028D3230)   POST root/Person ORM-Get -> 201 with outlen=0 in 38866 us
20170528 02513025  ,  -    00.038.891
20170528 02513025  -  +    mORMotSQLite3.TSQLRestServerDB(028D3230).URI(GET root/Person/2 inlen=0)
20170528 02513025  B  +    SynDBFireDAC.TSQLDBFireDACStatement(028DC950).00793F39 
20170528 02513025  B SQL   	SynDBFireDAC.TSQLDBFireDACStatement(028DC950) select ID,Name from Person where ID=2
20170528 02513027  B  -    00.018.651
20170528 02513027  - srvr  	mORMotSQLite3.TSQLRestServerDB(028D3230)   GET root/Person ORM-Get -> 200 with outlen=26 in 18959 us
20170528 02513027  -  -    00.018.983
20170528 02513027  .  +    mORMotSQLite3.TSQLRestServerDB(028D3230).URI(UNLOCK root/Person/1 inlen=0)
20170528 02513027  . srvr  	mORMotSQLite3.TSQLRestServerDB(028D3230)   UNLOCK root/Person ORM-Get -> 200 with outlen=0 in 109 us
20170528 02513027  .  -    00.000.128
20170528 02522751  /  +    mORMotSQLite3.TSQLRestServerDB(028D3230).URI(GET root/TimeStamp inlen=0)
20170528 02522751  / call  	mORMotSQLite3.TSQLRestServerDB(028D3230) TimeStamp 
20170528 02522751  / srvr  	mORMotSQLite3.TSQLRestServerDB(028D3230)   GET root/TimeStamp SOA-Method -> 200 with outlen=12 in 11 us
20170528 02522751  / ret   	mORMotSQLite3.TSQLRestServerDB(028D3230) 135378906395
20170528 02522751  /  -    00.000.014
20170528 02522751  0  +    mORMotSQLite3.TSQLRestServerDB(028D3230).URI(LOCK root/Person/100 inlen=0)
20170528 02522751  B  +    SynDBFireDAC.TSQLDBFireDACStatement(028DC950).00793F39 
20170528 02522751  B SQL   	SynDBFireDAC.TSQLDBFireDACStatement(028DC950) select ID,Name from Person where ID=100
20170528 02522753  B  -    00.017.489
20170528 02522753  0 debug 	mORMotSQLite3.TSQLRestServerDB(028D3230) TSQLRestRoutingREST.Error: {  "errorCode":404,  "errorText":"Not Found"  }
20170528 02522753  0 srvr  	mORMotSQLite3.TSQLRestServerDB(028D3230)   LOCK root/Person ORM-Get -> 404 with outlen=47 in 17624 us
20170528 02522753  0  -    00.017.631
20170528 02525112  1  +    mORMotSQLite3.TSQLRestServerDB(028D3230).URI(GET root/TimeStamp inlen=0)
20170528 02525112  1 call  	mORMotSQLite3.TSQLRestServerDB(028D3230) TimeStamp 
20170528 02525112  1 srvr  	mORMotSQLite3.TSQLRestServerDB(028D3230)   GET root/TimeStamp SOA-Method -> 200 with outlen=12 in 10 us
20170528 02525112  1 ret   	mORMotSQLite3.TSQLRestServerDB(028D3230) 135378906419
20170528 02525112  1  -    00.000.015
20170528 02525112  2  +    mORMotSQLite3.TSQLRestServerDB(028D3230).URI(LOCK root/Person/100 inlen=0)
20170528 02525112  2 debug 	mORMotSQLite3.TSQLRestServerDB(028D3230) TSQLRestRoutingREST.Error: {  "errorCode":400,  "errorText":"Bad Request"  }
20170528 02525112  2 srvr  	mORMotSQLite3.TSQLRestServerDB(028D3230)   LOCK root/Person ORM-Get -> 400 with outlen=49 in 25 us
20170528 02525112  2  -    00.000.029
20170528 02543619  3  +    mORMotSQLite3.TSQLRestServerDB(028D3230).URI(GET root/TimeStamp inlen=0)
20170528 02543619  3 call  	mORMotSQLite3.TSQLRestServerDB(028D3230) TimeStamp 
20170528 02543619  3 srvr  	mORMotSQLite3.TSQLRestServerDB(028D3230)   GET root/TimeStamp SOA-Method -> 200 with outlen=12 in 14 us
20170528 02543619  3 ret   	mORMotSQLite3.TSQLRestServerDB(028D3230) 135378906532
20170528 02543619  3  -    00.000.018
20170528 02543620  4  +    mORMotSQLite3.TSQLRestServerDB(028D3230).URI(LOCK root/Person/100 inlen=0)
20170528 02543620  4 debug 	mORMotSQLite3.TSQLRestServerDB(028D3230) TSQLRestRoutingREST.Error: {  "errorCode":400,  "errorText":"Bad Request"  }
20170528 02543620  4 srvr  	mORMotSQLite3.TSQLRestServerDB(028D3230)   LOCK root/Person ORM-Get -> 400 with outlen=49 in 26 us
20170528 02543620  4  -    00.000.031
20170528 02543620  5  +    mORMotSQLite3.TSQLRestServerDB(028D3230).URI(POST root/Person inlen=19)
20170528 02543620  B  +    SynDBFireDAC.TSQLDBFireDACStatement(028DCBC0).00793F39 
20170528 02543620  B SQL   	SynDBFireDAC.TSQLDBFireDACStatement(028DCBC0) insert into Person (ID,Name) values (3,'Name7372')
20170528 02543621  B  -    00.021.529
20170528 02543621  5 srvr  	mORMotSQLite3.TSQLRestServerDB(028D3230)   POST root/Person ORM-Get -> 201 with outlen=0 in 21579 us
20170528 02543621  5  -    00.021.589
20170528 02543621  6  +    mORMotSQLite3.TSQLRestServerDB(028D3230).URI(GET root/Person/3 inlen=0)
20170528 02543621  B  +    SynDBFireDAC.TSQLDBFireDACStatement(028DC950).00793F39 
20170528 02543621  B SQL   	SynDBFireDAC.TSQLDBFireDACStatement(028DC950) select ID,Name from Person where ID=3
20170528 02543622  B  -    00.018.390
20170528 02543622  6 srvr  	mORMotSQLite3.TSQLRestServerDB(028D3230)   GET root/Person ORM-Get -> 200 with outlen=26 in 18570 us
20170528 02543622  6  -    00.018.587
20170528 02545058  7  +    mORMotSQLite3.TSQLRestServerDB(028D3230).URI(GET root/TimeStamp inlen=0)
20170528 02545058  7 call  	mORMotSQLite3.TSQLRestServerDB(028D3230) TimeStamp 
20170528 02545058  7 srvr  	mORMotSQLite3.TSQLRestServerDB(028D3230)   GET root/TimeStamp SOA-Method -> 200 with outlen=12 in 13 us
20170528 02545058  7 ret   	mORMotSQLite3.TSQLRestServerDB(028D3230) 135378906546
20170528 02545058  7  -    00.000.019
20170528 02545058  8  +    mORMotSQLite3.TSQLRestServerDB(028D3230).URI(LOCK root/Person/100 inlen=0)
20170528 02545058  8 debug 	mORMotSQLite3.TSQLRestServerDB(028D3230) TSQLRestRoutingREST.Error: {  "errorCode":400,  "errorText":"Bad Request"  }
20170528 02545058  8 srvr  	mORMotSQLite3.TSQLRestServerDB(028D3230)   LOCK root/Person ORM-Get -> 400 with outlen=49 in 37 us
20170528 02545058  8  -    00.000.043
20170528 02545059  9  +    mORMotSQLite3.TSQLRestServerDB(028D3230).URI(POST root/Person inlen=19)
