C:\LIB\DELPHI_LIB\mORMot_BerlinUpd1\SQLite3\Samples\28 - Simple RESTful ORM Server\RESTserver.exe 0.0.0.0 (2017-05-28 09:44:58)Host=JONIT440P User=xchinjo CPU=4*9-6-15363:FFFBEBBFFFFBFA7FAB27000000 OS=15.0=6.2.9200 Wow64=1 Freq=2825501Environment variables=ALLUSERSPROFILE=C:\ProgramData	APPDATA=C:\Users\xchinjo\AppData\Roaming	BDS=c:\program files (x86)\embarcadero\studio\19.0	BDSAppDataBaseDir=BDS	BDSBIN=c:\program files (x86)\embarcadero\studio\19.0\bin	BDSCatalogRepository=C:\Users\xchinjo\Documents\Embarcadero\Studio\19.0\CatalogRepository	BDSCatalogRepositoryAllUsers=C:\Users\Public\Documents\Embarcadero\Studio\19.0\CatalogRepository	BDSCOMMONDIR=C:\Users\Public\Documents\Embarcadero\Studio\19.0	BDSINCLUDE=c:\program files (x86)\embarcadero\studio\19.0\include	BDSLIB=c:\program files (x86)\embarcadero\studio\19.0\lib	BDSPLATFORMSDKSDIR=C:\Users\xchinjo\Documents\Embarcadero\Studio\SDKs	BDSPROFILESDIR=C:\Users\xchinjo\Documents\Embarcadero\Studio\Profiles	BDSPROJECTSDIR=C:\Users\xchinjo\Documents\Embarcadero\Studio\Projects	BDSUSERDIR=C:\Users\xchinjo\Documents\Embarcadero\Studio\19.0	CommonProgramFiles=C:\Program Files (x86)\Common Files	CommonProgramFiles(x86)=C:\Program Files (x86)\Common Files	CommonProgramW6432=C:\Program Files\Common Files	COMPUTERNAME=JONIT440P	ComSpec=C:\WINDOWS\system32\cmd.exe	DELPHI=c:\program files (x86)\embarcadero\studio\19.0	DEMOSDIR=C:\Users\Public\Documents\Embarcadero\Studio\19.0\Samples\	ESET_OPTIONS=                                                                                                                                                                                                                                                                                                                                                                                                                                                                                                                               	FMSoft=C:\Program Files (x86)\FMSoft\Framework	FPS_BROWSER_APP_PROFILE_STRING=Internet Explorer	FPS_BROWSER_USER_PROFILE_STRING=Default	HOMEDRIVE=C:	HOMEPATH=\Users\xchinjo	IBREDISTDIR=C:\Users\Public\Documents\Embarcadero\InterBase\redist\InterBaseXE7	LOCALAPPDATA=C:\Users\xchinjo\AppData\Local	LOGONSERVER=\\JONIT440P	NLS_LANG=THAI_THAILAND.TH8TISASCII	NUMBER_OF_PROCESSORS=4	OneDrive=C:\Users\xchinjo\OneDrive	ORACLE_HOME=D:\app\xchinjo\product\11.2.0\dbhome_1	OS=Windows_NT	Path=C:\Users\Public\Documents\Embarcadero\InterBase\redist\InterBaseXE7\IDE_spoof;C:\Program Files (x86)\Embarcadero\Studio\19.0\bin;C:\Users\Public\Documents\Embarcadero\Studio\19.0\Bpl;C:\Program Files (x86)\Embarcadero\Studio\19.0\bin64;C:\Users\Public\Documents\Embarcadero\Studio\19.0\Bpl\Win64;C:\Program Files (x86)\Embarcadero\Studio\19.0\bin;C:\Users\Public\Documents\Embarcadero\Studio\19.0\Bpl;D:\Oracle\OracleInstantClient;C:\ProgramData\Oracle\Java\javapath;C:\Program Files (x86)\Embarcadero\Studio\18.0\bin;C:\Users\Public\Documents\Embarcadero\Studio\18.0\Bpl;C:\Program Files (x86)\Embarcadero\Studio\18.0\bin64;C:\Users\Public\Documents\Embarcadero\Studio\18.0\Bpl\Win64;C:\Program Files (x86)\Embarcadero\Studio\17.0\bin;C:\Users\Public\Documents\Embarcadero\Studio\17.0\Bpl;C:\Program Files (x86)\Embarcadero\Studio\17.0\bin64;C:\Users\Public\Documents\Embarcadero\Studio\17.0\Bpl\Win64;C:\Program Files (x86)\Embarcadero\Studio\15.0\bin;C:\Users\Public\Documents\Embarcadero\Studio\15.0\Bpl;C:\Program Files (x86)\Embarcadero\Studio\15.0\bin64;C:\Users\Public\Documents\Embarcadero\Studio\15.0\Bpl\Win64;C:\Program Files (x86)\Embarcadero\RAD Studio\12.0\bin;C:\Users\Public\Documents\RAD Studio\12.0\Bpl;C:\Program Files (x86)\Embarcadero\RAD Studio\12.0\bin64;C:\Users\Public\Documents\RAD Studio\12.0\Bpl\Win64;C:\Program Files (x86)\Embarcadero\RAD Studio\9.0\bin;C:\Users\Public\Documents\RAD Studio\9.0\Bpl;C:\Program Files (x86)\Embarcadero\RAD Studio\9.0\bin64;C:\Users\Public\Documents\RAD Studio\9.0\Bpl\Win64;C:\Program Files (x86)\Borland\Delphi7\Bin;C:\Program Files (x86)\Borland\Delphi7\Projects\Bpl\;C:\WINDOWS\system32;C:\WINDOWS;C:\WINDOWS\System32\Wbem;C:\WINDOWS\System32\WindowsPowerShell\v1.0\;C:\Program Files\OpenVPN\bin;C:\Program Files (x86)\Common Files\Tom Sawyer Software\8.0.0;C:\Program Files\TortoiseSVN\bin;C:\Program Files\Microsoft SQL Server\110\DTS\Binn\;C:\Program Files (x86)\Microsoft SQL Server\110\Tools\Binn\;C:\Program Files\Microsoft SQL Server\110\Tools\Binn\;C:\Program Files (x86)\Microsoft SQL Server\110\Tools\Binn\ManagementStudio\;C:\Program Files (x86)\Microsoft Visual Studio 10.0\Common7\IDE\PrivateAssemblies\;C:\Program Files (x86)\Microsoft SQL Server\110\DTS\Binn\;C:\Program Files\TortoiseGit\bin;C:\Program Files\Git\cmd;C:\Program Files (x86)\Skype\Phone\;C:\Program Files\CMake\bin;C:\Program Files\Intel\WiFi\bin\;C:\Program Files\Common Files\Intel\WirelessCommon\;C:\Program Files (x86)\Em	PATHEXT=.COM;.EXE;.BAT;.CMD;.VBS;.VBE;.JS;.JSE;.WSF;.WSH;.MSC	PROCESSOR_ARCHITECTURE=x86	PROCESSOR_ARCHITEW6432=AMD64	PROCESSOR_IDENTIFIER=Intel64 Family 6 Model 60 Stepping 3, GenuineIntel	PROCESSOR_LEVEL=6	PROCESSOR_REVISION=3c03	ProductVersion=19.0	ProgramData=C:\ProgramData	ProgramFiles=C:\Program Files (x86)	ProgramFiles(x86)=C:\Program Files (x86)	ProgramW6432=C:\Program Files	PSModulePath=C:\Program Files\WindowsPowerShell\Modules;C:\WINDOWS\system32\WindowsPowerShell\v1.0\Modules;C:\Program Files (x86)\Microsoft SQL Server\110\Tools\PowerShell\Modules\	PUBLIC=C:\Users\Public	SEE_MASK_NOZONECHECKS=1	SystemDrive=C:	SystemRoot=C:\WINDOWS	TEMP=C:\Users\xchinjo\AppData\Local\Temp	TMP=D:\Temp\Data	TNS_ADMIN=D:\Oracle\OracleInstantClient	TVT=C:\Program Files (x86)\Lenovo	USERDOMAIN=JONIT440P	USERDOMAIN_ROAMINGPROFILE=JONIT440P	USERNAME=xchinjo	USERPROFILE=C:\Users\xchinjo	VS110COMNTOOLS=C:\Program Files (x86)\Microsoft Visual Studio 11.0\Common7\Tools\	windir=C:\WINDOWS	__COMPAT_LAYER=RunAsAdminTSynLog 1.18.3675 FTS3 2017-05-28T02:45:0120170528 02450129  !  +    SynSQLite3.TSQLDatabase(0299A7B8).DBOpen 
20170528 02450129  ! DB    	SynSQLite3.TSQLDatabase(0299A7B8) ":memory:" database file opened with PageSize=4096 and CacheSize=-2000
20170528 02450129  !  -    00.000.577
20170528 02450129  ! SQL   SynSQLite3.TSQLDatabase(0299A7B8) 43us  returned 0 rows SELECT name FROM sqlite_master WHERE type='table' AND name NOT LIKE 'sqlite_%';
20170528 02450129  ! DB    mORMotSQLite3.TSQLRestServerDB(028B3230) CreateMissingTables on {"TSQLDatabase(0299A7B8)":{"FileName":":memory:","IsMemory":true,"UseCache":true,"TransactionActive":false,"BusyTimeout":0,"CacheSize":-2000,"PageSize":4096,"PageCount":0,"FileSize":0,"WALMode":false,"Synchronous":"smFull","LockingMode":"lmNormal","MemoryMappedMB":0,"user_version":0,"OpenV2Flags":6,"BackupBackgroundInProcess":false,"BackupBackgroundLastTime":"","BackupBackgroundLastFileName":"","SQLite3Library":{"TSQLite3LibraryStatic(028E2560)":{"Version":"3.18.0 with internal MM"}}}}
20170528 02450129  ! DB    mORMotSQLite3.TSQLRestServerDB(028B3230) "GetTables":[]
20170528 02450129  ! SQL   SynSQLite3.TSQLDatabase(0299A7B8) 6us  BEGIN TRANSACTION;
20170528 02450129  !  +    mORMotDB.TSQLRestStorageExternal(02F01480).Create TPerson
20170528 02450129  ! info  	mORMotDB.TSQLRestStorageExternal(02F01480) TPerson {"TSQLDBFireDACConnectionProperties(028E98C0)":{"Engine":"FireDAC","ServerName":"IB","DatabaseNameSafe":"/fbdb/sam.fdb","UserID":"SYSDBA","DBMS":"dFirebird","DBMSEngineName":"Firebird","BatchSendingAbilities":["cCreate","cUpdate","cDelete"],"BatchMaxSentAtOnce":4096,"LoggedSQLMaxSize":0,"LogSQLStatementOnException":false,"ForcedSchemaName":"","UseCache":true,"RollbackOnDisconnect":true,"StoreVoidStringAsNull":false}} Server={"TSQLRestServerDB(028B3230)":{"DB":{"TSQLDatabase(0299A7B8)":{"FileName":":memory:","IsMemory":true,"UseCache":true,"TransactionActive":true,"BusyTimeout":0,"CacheSize":-2000,"PageSize":4096,"PageCount":1,"FileSize":4096,"WALMode":false,"Synchronous":"smFull","LockingMode":"lmNormal","MemoryMappedMB":0,"user_version":0,"OpenV2Flags":6,"BackupBackgroundInProcess":false,"BackupBackgroundLastTime":"","BackupBackgroundLastFileName":"","SQLite3Library":{"TSQLite3LibraryStatic(028E2560)":{"Version":"3.18.0 with internal MM"}}}},"StatementLastException":"","NoAJAXJSON":false,"Options":[],"HandleAuthentication":false,"BypassORMAuthentication":[],"Stats":{"StartDate":"2017-05-28 02:45:01","Success":0,"ServiceMethod":0,"ServiceInterface":0,"OutcomingFiles":0,"CurrentThreadCount":0,"Created":0,"Read":0,"Updated":0,"Deleted":0,"ClientsCurrent":0,"ClientsMax":0,"CurrentRequestCount":0,"Input":{"Bytes":0,"Text":"0 B"},"Output":{"Bytes":0,"Text":"0 B"},"InputThroughput":{"BytesPerSec":0,"Text":"0 B/s"},"OutputThroughput":{"BytesPerSec":0,"Text":"0 B/s"},"Processing":false,"TaskCount":0,"TotalTime":{"MicroSec":0,"Text":"0us"},"LastTime":{"MicroSec":0,"Text":"0us"},"MinimalTime":{"MicroSec":0,"Text":"0us"},"AverageTime":{"MicroSec":0,"Text":"0us"},"MaximalTime":{"MicroSec":0,"Text":"0us"},"PerSec":0,"Errors":0,"LastError":null},"StatLevels":["mlTables","mlMethods","mlInterfaces","mlSQLite3"],"StaticVirtualTableDirect":true,"ServerTimeStamp":135378905921}}
20170528 02450137  ! debug 	mORMotDB.TSQLRestStorageExternal(02F01480) "GetFields":[{"ColumnName":"ID","ColumnTypeNative":"NUMERIC","ColumnLength":0,"ColumnPrecision":0,"ColumnScale":0,"ColumnType":"ftInt64","ColumnIndexed":true},{"ColumnName":"NAME","ColumnTypeNative":"VARCHAR","ColumnLength":80,"ColumnPrecision":0,"ColumnScale":0,"ColumnType":"ftUTF8","ColumnIndexed":false}]
20170528 02450137  !  -    00.126.931
20170528 02450137  ! SQL   SynSQLite3.TSQLDatabase(0299A7B8) 127.20ms  CREATE VIRTUAL TABLE Person USING External(Name TEXT COLLATE SYSTEMNOCASE);
20170528 02450137  !  +    SynDBFireDAC.TSQLDBFireDACStatement(028BC610).00793D83 
20170528 02450137  !  -    00.000.084
20170528 02450137  !  +    SynDBFireDAC.TSQLDBFireDACStatement(028BC610).00793F39 
20170528 02450137  ! SQL   	SynDBFireDAC.TSQLDBFireDACStatement(028BC610) select first 1 ID from Person
20170528 02450140  !  -    00.042.598
20170528 02450140  ! SQL   SynSQLite3.TSQLDatabase(0299A7B8) 44us  COMMIT TRANSACTION;
20170528 02450140  !  +    mORMotHttpServer.TSQLHttpServer(02F08A30).Create useHttpApiRegisteringURI (secNone) on port 888
20170528 02450143  ! http  	mORMotHttpServer.TSQLHttpServer(02F08A30) http.sys registration of http://+:888/root
20170528 02450143  " info  SetThreadName 00001E14=TSQLHttpServer 888/root THttpApiServer
20170528 02450143  " trace mORMotSQLite3.TSQLRestServerDB(028B3230) BeginCurrentThread(THttpApiServer) root=root ThreadID=00001E14 ThreadCount=1
20170528 02450143  # info  SetThreadName 000029A8=TSQLHttpServer 888/root THttpApiServer
20170528 02450143  # trace mORMotSQLite3.TSQLRestServerDB(028B3230) BeginCurrentThread(THttpApiServer) root=root ThreadID=000029A8 ThreadCount=2
20170528 02450143  $ info  SetThreadName 0000376C=TSQLHttpServer 888/root THttpApiServer
20170528 02450143  $ trace mORMotSQLite3.TSQLRestServerDB(028B3230) BeginCurrentThread(THttpApiServer) root=root ThreadID=0000376C ThreadCount=3
20170528 02450143  % info  SetThreadName 000014CC=TSQLHttpServer 888/root THttpApiServer
20170528 02450143  % trace mORMotSQLite3.TSQLRestServerDB(028B3230) BeginCurrentThread(THttpApiServer) root=root ThreadID=000014CC ThreadCount=4
20170528 02450143  & info  SetThreadName 00003740=TSQLHttpServer 888/root THttpApiServer
20170528 02450143  & trace mORMotSQLite3.TSQLRestServerDB(028B3230) BeginCurrentThread(THttpApiServer) root=root ThreadID=00003740 ThreadCount=5
20170528 02450143  ' info  SetThreadName 000019E8=TSQLHttpServer 888/root THttpApiServer
20170528 02450143  ' trace mORMotSQLite3.TSQLRestServerDB(028B3230) BeginCurrentThread(THttpApiServer) root=root ThreadID=000019E8 ThreadCount=6
20170528 02450143  ( info  SetThreadName 00003B04=TSQLHttpServer 888/root THttpApiServer
20170528 02450143  ( trace mORMotSQLite3.TSQLRestServerDB(028B3230) BeginCurrentThread(THttpApiServer) root=root ThreadID=00003B04 ThreadCount=7
20170528 02450143  ) info  SetThreadName 000022BC=TSQLHttpServer 888/root THttpApiServer
20170528 02450143  ) trace mORMotSQLite3.TSQLRestServerDB(028B3230) BeginCurrentThread(THttpApiServer) root=root ThreadID=000022BC ThreadCount=8
20170528 02450143  * info  SetThreadName 00002A7C=TSQLHttpServer 888/root THttpApiServer
20170528 02450143  * trace mORMotSQLite3.TSQLRestServerDB(028B3230) BeginCurrentThread(THttpApiServer) root=root ThreadID=00002A7C ThreadCount=9
20170528 02450143  + info  SetThreadName 00001C30=TSQLHttpServer 888/root THttpApiServer
20170528 02450143  + trace mORMotSQLite3.TSQLRestServerDB(028B3230) BeginCurrentThread(THttpApiServer) root=root ThreadID=00001C30 ThreadCount=10
20170528 02450143  , info  SetThreadName 000038A4=TSQLHttpServer 888/root THttpApiServer
20170528 02450143  , trace mORMotSQLite3.TSQLRestServerDB(028B3230) BeginCurrentThread(THttpApiServer) root=root ThreadID=000038A4 ThreadCount=11
20170528 02450143  - info  SetThreadName 000038D8=TSQLHttpServer 888/root THttpApiServer
20170528 02450143  - trace mORMotSQLite3.TSQLRestServerDB(028B3230) BeginCurrentThread(THttpApiServer) root=root ThreadID=000038D8 ThreadCount=12
20170528 02450143  . info  SetThreadName 00002AB8=TSQLHttpServer 888/root THttpApiServer
20170528 02450143  . trace mORMotSQLite3.TSQLRestServerDB(028B3230) BeginCurrentThread(THttpApiServer) root=root ThreadID=00002AB8 ThreadCount=13
20170528 02450143  / info  SetThreadName 00003B7C=TSQLHttpServer 888/root THttpApiServer
20170528 02450143  / trace mORMotSQLite3.TSQLRestServerDB(028B3230) BeginCurrentThread(THttpApiServer) root=root ThreadID=00003B7C ThreadCount=14
20170528 02450143  0 info  SetThreadName 0000368C=TSQLHttpServer 888/root THttpApiServer
20170528 02450143  0 trace mORMotSQLite3.TSQLRestServerDB(028B3230) BeginCurrentThread(THttpApiServer) root=root ThreadID=0000368C ThreadCount=15
20170528 02450143  1 info  SetThreadName 000035A8=TSQLHttpServer 888/root THttpApiServer
20170528 02450143  1 trace mORMotSQLite3.TSQLRestServerDB(028B3230) BeginCurrentThread(THttpApiServer) root=root ThreadID=000035A8 ThreadCount=16
20170528 02450143  2 info  SetThreadName 000036D4=TSQLHttpServer 888/root THttpApiServer
20170528 02450143  2 trace mORMotSQLite3.TSQLRestServerDB(028B3230) BeginCurrentThread(THttpApiServer) root=root ThreadID=000036D4 ThreadCount=17
20170528 02450143  3 info  SetThreadName 00002DC4=TSQLHttpServer 888/root THttpApiServer
20170528 02450143  3 trace mORMotSQLite3.TSQLRestServerDB(028B3230) BeginCurrentThread(THttpApiServer) root=root ThreadID=00002DC4 ThreadCount=18
20170528 02450143  4 info  SetThreadName 00002AE0=TSQLHttpServer 888/root THttpApiServer
20170528 02450143  4 trace mORMotSQLite3.TSQLRestServerDB(028B3230) BeginCurrentThread(THttpApiServer) root=root ThreadID=00002AE0 ThreadCount=19
20170528 02450143  5 info  SetThreadName 000021F0=TSQLHttpServer 888/root THttpApiServer
20170528 02450143  5 trace mORMotSQLite3.TSQLRestServerDB(028B3230) BeginCurrentThread(THttpApiServer) root=root ThreadID=000021F0 ThreadCount=20
20170528 02450143  ! http  	mORMotHttpServer.TSQLHttpServer(02F08A30) {"THttpApiServer(028CD620)":{"Cloned":false,"RegisteredUrl":"http://+:888/root/","HTTPQueueLength":1000,"MaxBandwidth":-1,"MaxConnections":-1,"APIVersion":"HTTP API 2.0","ServerName":"mORMot (Windows)","ProcessName":"root "}} initialized for root
20170528 02450143  !  -    00.043.315
20170528 02450143  6 info  SetThreadName 00002680=TSQLHttpServer 888/root THttpApiServer
20170528 02450143  6 trace mORMotSQLite3.TSQLRestServerDB(028B3230) BeginCurrentThread(THttpApiServer) root=root ThreadID=00002680 ThreadCount=21
20170528 02450143  7 info  SetThreadName 00003828=TSQLHttpServer 888/root THttpApiServer
20170528 02450143  7 trace mORMotSQLite3.TSQLRestServerDB(028B3230) BeginCurrentThread(THttpApiServer) root=root ThreadID=00003828 ThreadCount=22
20170528 02450143  8 info  SetThreadName 00003B54=TSQLHttpServer 888/root THttpApiServer
20170528 02450143  8 trace mORMotSQLite3.TSQLRestServerDB(028B3230) BeginCurrentThread(THttpApiServer) root=root ThreadID=00003B54 ThreadCount=23
20170528 02450143  9 info  SetThreadName 00002A14=TSQLHttpServer 888/root THttpApiServer
20170528 02450143  9 trace mORMotSQLite3.TSQLRestServerDB(028B3230) BeginCurrentThread(THttpApiServer) root=root ThreadID=00002A14 ThreadCount=24
20170528 02450143  : info  SetThreadName 00001464=TSQLHttpServer 888/root THttpApiServer
20170528 02450143  : trace mORMotSQLite3.TSQLRestServerDB(028B3230) BeginCurrentThread(THttpApiServer) root=root ThreadID=00001464 ThreadCount=25
20170528 02450143  ; info  SetThreadName 00001D74=TSQLHttpServer 888/root THttpApiServer
20170528 02450143  ; trace mORMotSQLite3.TSQLRestServerDB(028B3230) BeginCurrentThread(THttpApiServer) root=root ThreadID=00001D74 ThreadCount=26
20170528 02450143  < info  SetThreadName 000039A4=TSQLHttpServer 888/root THttpApiServer
20170528 02450143  < trace mORMotSQLite3.TSQLRestServerDB(028B3230) BeginCurrentThread(THttpApiServer) root=root ThreadID=000039A4 ThreadCount=27
20170528 02450143  = info  SetThreadName 00002DF0=TSQLHttpServer 888/root THttpApiServer
20170528 02450143  = trace mORMotSQLite3.TSQLRestServerDB(028B3230) BeginCurrentThread(THttpApiServer) root=root ThreadID=00002DF0 ThreadCount=28
20170528 02450143  > info  SetThreadName 00002B24=TSQLHttpServer 888/root THttpApiServer
20170528 02450143  > trace mORMotSQLite3.TSQLRestServerDB(028B3230) BeginCurrentThread(THttpApiServer) root=root ThreadID=00002B24 ThreadCount=29
20170528 02450143  ? info  SetThreadName 00001CE4=TSQLHttpServer 888/root THttpApiServer
20170528 02450143  ? trace mORMotSQLite3.TSQLRestServerDB(028B3230) BeginCurrentThread(THttpApiServer) root=root ThreadID=00001CE4 ThreadCount=30
20170528 02450143  @ info  SetThreadName 00002478=TSQLHttpServer 888/root THttpApiServer
20170528 02450143  @ trace mORMotSQLite3.TSQLRestServerDB(028B3230) BeginCurrentThread(THttpApiServer) root=root ThreadID=00002478 ThreadCount=31
20170528 02450143  A info  SetThreadName 000004C8=TSQLHttpServer 888/root THttpApiServer
20170528 02450143  A trace 